{"level":"info","message":"Hello sandunika","service":"acquisitions-api"}
{"level":"info","message":"Hello sandunika","service":"acquisitions-api"}
{"level":"info","message":"Hello sandunika","service":"acquisitions-api"}
{"level":"info","message":"Hello sandunika","service":"acquisitions-api"}
{"level":"info","message":"Hello sandunika","service":"acquisitions-api"}
{"level":"info","message":"::1 - - [22/Jun/2026:12:10:46 +0000] \"GET / HTTP/1.1\" 200 15 \"-\" \"Mozilla/5.0 (Macintosh; Intel Mac OS X 10_15_7) AppleWebKit/537.36 (KHTML, like Gecko) Chrome/123.0.0.0 Safari/537.36\"","service":"acquisitions-api"}
{"level":"info","message":"::1 - - [22/Jun/2026:12:10:46 +0000] \"GET /favicon.ico HTTP/1.1\" 404 150 \"-\" \"Mozilla/5.0 (Macintosh; Intel Mac OS X 10_15_7) AppleWebKit/537.36 (KHTML, like Gecko) Chrome/123.0.0.0 Safari/537.36\"","service":"acquisitions-api"}
{"level":"info","message":"Hello sandunika","service":"acquisitions-api"}
{"level":"info","message":"::1 - - [22/Jun/2026:17:03:08 +0000] \"GET / HTTP/1.1\" 304 - \"-\" \"Mozilla/5.0 (Macintosh; Intel Mac OS X 10_15_7) AppleWebKit/537.36 (KHTML, like Gecko) Chrome/123.0.0.0 Safari/537.36\"","service":"acquisitions-api"}
{"level":"info","message":"::1 - - [22/Jun/2026:17:03:13 +0000] \"GET /api HTTP/1.1\" 200 14 \"-\" \"Mozilla/5.0 (Macintosh; Intel Mac OS X 10_15_7) AppleWebKit/537.36 (KHTML, like Gecko) Chrome/123.0.0.0 Safari/537.36\"","service":"acquisitions-api"}
{"level":"info","message":"::1 - - [22/Jun/2026:17:03:19 +0000] \"GET /api/auth HTTP/1.1\" 404 147 \"-\" \"Mozilla/5.0 (Macintosh; Intel Mac OS X 10_15_7) AppleWebKit/537.36 (KHTML, like Gecko) Chrome/123.0.0.0 Safari/537.36\"","service":"acquisitions-api"}
{"level":"info","message":"::1 - - [22/Jun/2026:17:03:25 +0000] \"GET /api/auth/sign-up HTTP/1.1\" 404 155 \"-\" \"Mozilla/5.0 (Macintosh; Intel Mac OS X 10_15_7) AppleWebKit/537.36 (KHTML, like Gecko) Chrome/123.0.0.0 Safari/537.36\"","service":"acquisitions-api"}
{"level":"info","message":"::1 - - [22/Jun/2026:17:03:31 +0000] \"GET /api/auth/sign-up HTTP/1.1\" 404 155 \"-\" \"Mozilla/5.0 (Macintosh; Intel Mac OS X 10_15_7) AppleWebKit/537.36 (KHTML, like Gecko) Chrome/123.0.0.0 Safari/537.36\"","service":"acquisitions-api"}
{"level":"info","message":"::1 - - [22/Jun/2026:17:05:40 +0000] \"GET /api/auth/sign-up HTTP/1.1\" 404 155 \"-\" \"Mozilla/5.0 (Macintosh; Intel Mac OS X 10_15_7) AppleWebKit/537.36 (KHTML, like Gecko) Chrome/123.0.0.0 Safari/537.36\"","service":"acquisitions-api"}
{"level":"info","message":"::1 - - [22/Jun/2026:17:05:44 +0000] \"GET /api HTTP/1.1\" 200 28 \"-\" \"Mozilla/5.0 (Macintosh; Intel Mac OS X 10_15_7) AppleWebKit/537.36 (KHTML, like Gecko) Chrome/123.0.0.0 Safari/537.36\"","service":"acquisitions-api"}
{"level":"info","message":"::1 - - [22/Jun/2026:17:05:54 +0000] \"GET /api/sign-up HTTP/1.1\" 404 150 \"-\" \"Mozilla/5.0 (Macintosh; Intel Mac OS X 10_15_7) AppleWebKit/537.36 (KHTML, like Gecko) Chrome/123.0.0.0 Safari/537.36\"","service":"acquisitions-api"}
{"level":"info","message":"::1 - - [22/Jun/2026:17:06:49 +0000] \"GET /api/sign-up HTTP/1.1\" 404 150 \"-\" \"Mozilla/5.0 (Macintosh; Intel Mac OS X 10_15_7) AppleWebKit/537.36 (KHTML, like Gecko) Chrome/123.0.0.0 Safari/537.36\"","service":"acquisitions-api"}
{"level":"info","message":"::1 - - [22/Jun/2026:17:06:50 +0000] \"GET /api/sign-up HTTP/1.1\" 404 150 \"-\" \"Mozilla/5.0 (Macintosh; Intel Mac OS X 10_15_7) AppleWebKit/537.36 (KHTML, like Gecko) Chrome/123.0.0.0 Safari/537.36\"","service":"acquisitions-api"}
{"level":"info","message":"::1 - - [22/Jun/2026:17:06:50 +0000] \"GET /api/sign-up HTTP/1.1\" 404 150 \"-\" \"Mozilla/5.0 (Macintosh; Intel Mac OS X 10_15_7) AppleWebKit/537.36 (KHTML, like Gecko) Chrome/123.0.0.0 Safari/537.36\"","service":"acquisitions-api"}
{"level":"info","message":"Hello sandunika","service":"acquisitions-api"}
{"level":"info","message":"::1 - - [22/Jun/2026:17:10:31 +0000] \"GET / HTTP/1.1\" 304 - \"-\" \"Mozilla/5.0 (Macintosh; Intel Mac OS X 10_15_7) AppleWebKit/537.36 (KHTML, like Gecko) Code/1.123.0 Chrome/148.0.7778.97 Electron/42.2.0 Safari/537.36\"","service":"acquisitions-api"}
{"level":"info","message":"::1 - - [22/Jun/2026:17:10:36 +0000] \"GET /api HTTP/1.1\" 200 28 \"-\" \"Mozilla/5.0 (Macintosh; Intel Mac OS X 10_15_7) AppleWebKit/537.36 (KHTML, like Gecko) Code/1.123.0 Chrome/148.0.7778.97 Electron/42.2.0 Safari/537.36\"","service":"acquisitions-api"}
{"level":"info","message":"::1 - - [22/Jun/2026:17:10:46 +0000] \"GET /api/auth/sign-up HTTP/1.1\" 404 155 \"-\" \"Mozilla/5.0 (Macintosh; Intel Mac OS X 10_15_7) AppleWebKit/537.36 (KHTML, like Gecko) Code/1.123.0 Chrome/148.0.7778.97 Electron/42.2.0 Safari/537.36\"","service":"acquisitions-api"}
{"level":"info","message":"Hello sandunika","service":"acquisitions-api"}
{"level":"info","message":"::1 - - [22/Jun/2026:17:11:25 +0000] \"GET / HTTP/1.1\" 304 - \"-\" \"Mozilla/5.0 (Macintosh; Intel Mac OS X 10_15_7) AppleWebKit/537.36 (KHTML, like Gecko) Code/1.123.0 Chrome/148.0.7778.97 Electron/42.2.0 Safari/537.36\"","service":"acquisitions-api"}
{"level":"info","message":"::1 - - [22/Jun/2026:17:11:53 +0000] \"GET /api/ HTTP/1.1\" 200 28 \"-\" \"Mozilla/5.0 (Macintosh; Intel Mac OS X 10_15_7) AppleWebKit/537.36 (KHTML, like Gecko) Code/1.123.0 Chrome/148.0.7778.97 Electron/42.2.0 Safari/537.36\"","service":"acquisitions-api"}
{"level":"info","message":"::1 - - [22/Jun/2026:17:12:02 +0000] \"GET /api/auth/sign-up HTTP/1.1\" 404 155 \"-\" \"Mozilla/5.0 (Macintosh; Intel Mac OS X 10_15_7) AppleWebKit/537.36 (KHTML, like Gecko) Code/1.123.0 Chrome/148.0.7778.97 Electron/42.2.0 Safari/537.36\"","service":"acquisitions-api"}
{"level":"info","message":"::1 - - [22/Jun/2026:17:15:06 +0000] \"PUT / HTTP/1.1\" 404 139 \"-\" \"HTTPie\"","service":"acquisitions-api"}
{"level":"info","message":"Hello sandunika","service":"acquisitions-api"}
{"level":"info","message":"::1 - - [22/Jun/2026:17:15:12 +0000] \"GET / HTTP/1.1\" 200 15 \"-\" \"HTTPie\"","service":"acquisitions-api"}
{"level":"info","message":"::1 - - [22/Jun/2026:17:15:16 +0000] \"GET /api HTTP/1.1\" 200 28 \"-\" \"HTTPie\"","service":"acquisitions-api"}
{"level":"info","message":"::1 - - [22/Jun/2026:17:15:27 +0000] \"POST /api/auth/sign-up HTTP/1.1\" 200 7 \"-\" \"HTTPie\"","service":"acquisitions-api"}
{"level":"info","message":"::1 - - [22/Jun/2026:17:15:32 +0000] \"POST /api/auth/sign-in HTTP/1.1\" 200 7 \"-\" \"HTTPie\"","service":"acquisitions-api"}
{"level":"info","message":"::1 - - [22/Jun/2026:17:15:36 +0000] \"POST /api/auth/sign-out HTTP/1.1\" 200 8 \"-\" \"HTTPie\"","service":"acquisitions-api"}
{"level":"info","message":"Hello sandunika","service":"acquisitions-api"}
{"level":"info","message":"::1 - - [22/Jun/2026:18:36:35 +0000] \"GET / HTTP/1.1\" 200 15 \"-\" \"HTTPie\"","service":"acquisitions-api"}
{"level":"info","message":"::1 - - [22/Jun/2026:18:36:53 +0000] \"GET /api HTTP/1.1\" 200 28 \"-\" \"HTTPie\"","service":"acquisitions-api"}
{"level":"error","message":"Error creating the user: TypeError: Cannot convert undefined or null to object","service":"acquisitions-api"}
{"level":"error","message":"Signup error Cannot convert undefined or null to object","service":"acquisitions-api","stack":"TypeError: Cannot convert undefined or null to object\n    at Function.entries (<anonymous>)\n    at orderSelectedFields (file:///Users/sandunikaamarasekara/Desktop/Devops/test-devops-app/node_modules/drizzle-orm/utils.js:55:17)\n    at file:///Users/sandunikaamarasekara/Desktop/Devops/test-devops-app/node_modules/drizzle-orm/utils.js:65:22\n    at Array.reduce (<anonymous>)\n    at orderSelectedFields (file:///Users/sandunikaamarasekara/Desktop/Devops/test-devops-app/node_modules/drizzle-orm/utils.js:55:33)\n    at QueryPromise.returning (file:///Users/sandunikaamarasekara/Desktop/Devops/test-devops-app/node_modules/drizzle-orm/pg-core/query-builders/insert.js:75:29)\n    at createUser (file:///Users/sandunikaamarasekara/Desktop/Devops/test-devops-app/src/services/auth.service.js:41:8)\n    at async signup (file:///Users/sandunikaamarasekara/Desktop/Devops/test-devops-app/src/controllers/auth.controller.js:21:18)"}
{"level":"info","message":"::1 - - [22/Jun/2026:18:37:56 +0000] \"POST /api/auth/sign-up HTTP/1.1\" 500 1162 \"-\" \"HTTPie\"","service":"acquisitions-api"}
{"level":"error","message":"Error authenticating user: Error: User not found","service":"acquisitions-api"}
{"level":"error","message":"Sign in error User not found","service":"acquisitions-api","stack":"Error: User not found\n    at authenticateUser (file:///Users/sandunikaamarasekara/Desktop/Devops/test-devops-app/src/services/auth.service.js:66:13)\n    at process.processTicksAndRejections (node:internal/process/task_queues:105:5)\n    at async signIn (file:///Users/sandunikaamarasekara/Desktop/Devops/test-devops-app/src/controllers/auth.controller.js:65:18)"}
{"level":"info","message":"::1 - - [22/Jun/2026:18:40:41 +0000] \"POST /api/auth/sign-in HTTP/1.1\" 401 31 \"-\" \"HTTPie\"","service":"acquisitions-api"}
{"level":"error","message":"Error authenticating user: Error: User not found","service":"acquisitions-api"}
{"level":"error","message":"Sign in error User not found","service":"acquisitions-api","stack":"Error: User not found\n    at authenticateUser (file:///Users/sandunikaamarasekara/Desktop/Devops/test-devops-app/src/services/auth.service.js:66:13)\n    at process.processTicksAndRejections (node:internal/process/task_queues:105:5)\n    at async signIn (file:///Users/sandunikaamarasekara/Desktop/Devops/test-devops-app/src/controllers/auth.controller.js:65:18)"}
{"level":"info","message":"::1 - - [22/Jun/2026:18:40:56 +0000] \"POST /api/auth/sign-in HTTP/1.1\" 401 31 \"-\" \"HTTPie\"","service":"acquisitions-api"}
{"level":"error","message":"Error creating the user: TypeError: Cannot convert undefined or null to object","service":"acquisitions-api"}
{"level":"error","message":"Signup error Cannot convert undefined or null to object","service":"acquisitions-api","stack":"TypeError: Cannot convert undefined or null to object\n    at Function.entries (<anonymous>)\n    at orderSelectedFields (file:///Users/sandunikaamarasekara/Desktop/Devops/test-devops-app/node_modules/drizzle-orm/utils.js:55:17)\n    at file:///Users/sandunikaamarasekara/Desktop/Devops/test-devops-app/node_modules/drizzle-orm/utils.js:65:22\n    at Array.reduce (<anonymous>)\n    at orderSelectedFields (file:///Users/sandunikaamarasekara/Desktop/Devops/test-devops-app/node_modules/drizzle-orm/utils.js:55:33)\n    at QueryPromise.returning (file:///Users/sandunikaamarasekara/Desktop/Devops/test-devops-app/node_modules/drizzle-orm/pg-core/query-builders/insert.js:75:29)\n    at createUser (file:///Users/sandunikaamarasekara/Desktop/Devops/test-devops-app/src/services/auth.service.js:41:8)\n    at async signup (file:///Users/sandunikaamarasekara/Desktop/Devops/test-devops-app/src/controllers/auth.controller.js:21:18)"}
{"level":"info","message":"::1 - - [22/Jun/2026:18:41:02 +0000] \"POST /api/auth/sign-up HTTP/1.1\" 500 1162 \"-\" \"HTTPie\"","service":"acquisitions-api"}
{"level":"error","message":"Error creating the user: Error: Failed query: select \"id\", \"name\", \"email\", \"password\", \"role\", \"created_at\", \"updated_at\" from \"users\" where \"users\".\"email\" = $1 limit $2\nparams: test1@gmail.com,1","service":"acquisitions-api"}
{"cause":{"code":"42703","file":"parse_relation.c","line":"3822","name":"NeonDbError","position":"22","routine":"errorMissingColumn","severity":"ERROR"},"level":"error","message":"Signup error Failed query: select \"id\", \"name\", \"email\", \"password\", \"role\", \"created_at\", \"updated_at\" from \"users\" where \"users\".\"email\" = $1 limit $2\nparams: test1@gmail.com,1","params":["test1@gmail.com",1],"query":"select \"id\", \"name\", \"email\", \"password\", \"role\", \"created_at\", \"updated_at\" from \"users\" where \"users\".\"email\" = $1 limit $2","service":"acquisitions-api","stack":"Error: Failed query: select \"id\", \"name\", \"email\", \"password\", \"role\", \"created_at\", \"updated_at\" from \"users\" where \"users\".\"email\" = $1 limit $2\nparams: test1@gmail.com,1\n    at NeonHttpPreparedQuery.queryWithCache (file:///Users/sandunikaamarasekara/Desktop/Devops/test-devops-app/node_modules/drizzle-orm/pg-core/session.js:41:15)\n    at process.processTicksAndRejections (node:internal/process/task_queues:105:5)\n    at async NeonHttpPreparedQuery.execute (file:///Users/sandunikaamarasekara/Desktop/Devops/test-devops-app/node_modules/drizzle-orm/neon-http/session.js:45:20)\n    at async createUser (file:///Users/sandunikaamarasekara/Desktop/Devops/test-devops-app/src/services/auth.service.js:27:26)\n    at async signup (file:///Users/sandunikaamarasekara/Desktop/Devops/test-devops-app/src/controllers/auth.controller.js:21:18)"}
{"level":"info","message":"::1 - - [22/Jun/2026:18:46:57 +0000] \"POST /api/auth/sign-up HTTP/1.1\" 500 1131 \"-\" \"HTTPie\"","service":"acquisitions-api"}
{"level":"info","message":"User test1@gmail.com created successfully","service":"acquisitions-api"}
{"level":"info","message":"User registered successfully: test1@gmail.com","service":"acquisitions-api"}
{"level":"info","message":"::1 - - [22/Jun/2026:18:47:52 +0000] \"POST /api/auth/sign-up HTTP/1.1\" 201 101 \"-\" \"HTTPie\"","service":"acquisitions-api"}
{"level":"info","message":"User test1@gmail.com authenticated successfully","service":"acquisitions-api"}
{"level":"info","message":"User signed in successfully: test1@gmail.com","service":"acquisitions-api"}
{"level":"info","message":"::1 - - [22/Jun/2026:18:48:56 +0000] \"POST /api/auth/sign-in HTTP/1.1\" 200 113 \"-\" \"HTTPie\"","service":"acquisitions-api"}
{"level":"info","message":"Hello sandunika","service":"acquisitions-api"}
{"level":"info","message":"::1 - - [23/Jun/2026:07:45:43 +0000] \"GET / HTTP/1.1\" 304 - \"-\" \"Mozilla/5.0 (Macintosh; Intel Mac OS X 10_15_7) AppleWebKit/537.36 (KHTML, like Gecko) Chrome/123.0.0.0 Safari/537.36\"","service":"acquisitions-api"}
{"level":"info","message":"Hello sandunika","service":"acquisitions-api"}
{"level":"info","message":"::1 - - [23/Jun/2026:10:48:52 +0000] \"GET / HTTP/1.1\" 304 - \"-\" \"Mozilla/5.0 (Macintosh; Intel Mac OS X 10_15_7) AppleWebKit/537.36 (KHTML, like Gecko) Chrome/123.0.0.0 Safari/537.36\"","service":"acquisitions-api"}
{"level":"info","message":"::1 - - [23/Jun/2026:10:48:57 +0000] \"GET /api HTTP/1.1\" 304 - \"-\" \"Mozilla/5.0 (Macintosh; Intel Mac OS X 10_15_7) AppleWebKit/537.36 (KHTML, like Gecko) Chrome/123.0.0.0 Safari/537.36\"","service":"acquisitions-api"}
{"level":"info","message":"Hello sandunika","service":"acquisitions-api"}
{"level":"info","message":"::1 - - [23/Jun/2026:10:49:16 +0000] \"GET / HTTP/1.1\" 200 15 \"-\" \"HTTPie\"","service":"acquisitions-api"}
{"level":"info","message":"::1 - - [23/Jun/2026:10:49:21 +0000] \"GET /api HTTP/1.1\" 200 28 \"-\" \"HTTPie\"","service":"acquisitions-api"}
{"level":"info","message":"User test1@gmail.com authenticated successfully","service":"acquisitions-api"}
{"level":"info","message":"User signed in successfully: test1@gmail.com","service":"acquisitions-api"}
{"level":"info","message":"::1 - - [23/Jun/2026:10:49:37 +0000] \"POST /api/auth/sign-in HTTP/1.1\" 200 113 \"-\" \"HTTPie\"","service":"acquisitions-api"}
{"level":"info","message":"User test1@gmail.com authenticated successfully","service":"acquisitions-api"}
{"level":"info","message":"User signed in successfully: test1@gmail.com","service":"acquisitions-api"}
{"level":"info","message":"::1 - - [23/Jun/2026:10:49:46 +0000] \"POST /api/auth/sign-in HTTP/1.1\" 200 113 \"-\" \"HTTPie\"","service":"acquisitions-api"}
{"level":"info","message":"User test1@gmail.com authenticated successfully","service":"acquisitions-api"}
{"level":"info","message":"User signed in successfully: test1@gmail.com","service":"acquisitions-api"}
{"level":"info","message":"::1 - - [23/Jun/2026:10:49:47 +0000] \"POST /api/auth/sign-in HTTP/1.1\" 200 113 \"-\" \"HTTPie\"","service":"acquisitions-api"}
{"level":"info","message":"User test1@gmail.com authenticated successfully","service":"acquisitions-api"}
{"level":"info","message":"User signed in successfully: test1@gmail.com","service":"acquisitions-api"}
{"level":"info","message":"::1 - - [23/Jun/2026:10:49:47 +0000] \"POST /api/auth/sign-in HTTP/1.1\" 200 113 \"-\" \"HTTPie\"","service":"acquisitions-api"}
{"level":"info","message":"User test1@gmail.com authenticated successfully","service":"acquisitions-api"}
{"level":"info","message":"User signed in successfully: test1@gmail.com","service":"acquisitions-api"}
{"level":"info","message":"::1 - - [23/Jun/2026:10:49:48 +0000] \"POST /api/auth/sign-in HTTP/1.1\" 200 113 \"-\" \"HTTPie\"","service":"acquisitions-api"}
{"level":"info","message":"User test1@gmail.com authenticated successfully","service":"acquisitions-api"}
{"level":"info","message":"User signed in successfully: test1@gmail.com","service":"acquisitions-api"}
{"level":"info","message":"::1 - - [23/Jun/2026:10:49:49 +0000] \"POST /api/auth/sign-in HTTP/1.1\" 200 113 \"-\" \"HTTPie\"","service":"acquisitions-api"}
{"level":"info","message":"User test1@gmail.com authenticated successfully","service":"acquisitions-api"}
{"level":"info","message":"User signed in successfully: test1@gmail.com","service":"acquisitions-api"}
{"level":"info","message":"::1 - - [23/Jun/2026:10:49:50 +0000] \"POST /api/auth/sign-in HTTP/1.1\" 200 113 \"-\" \"HTTPie\"","service":"acquisitions-api"}
{"level":"info","message":"User test1@gmail.com authenticated successfully","service":"acquisitions-api"}
{"level":"info","message":"User signed in successfully: test1@gmail.com","service":"acquisitions-api"}
{"level":"info","message":"::1 - - [23/Jun/2026:10:49:51 +0000] \"POST /api/auth/sign-in HTTP/1.1\" 200 113 \"-\" \"HTTPie\"","service":"acquisitions-api"}
{"level":"info","message":"User test1@gmail.com authenticated successfully","service":"acquisitions-api"}
{"level":"info","message":"User signed in successfully: test1@gmail.com","service":"acquisitions-api"}
{"level":"info","message":"::1 - - [23/Jun/2026:10:49:52 +0000] \"POST /api/auth/sign-in HTTP/1.1\" 200 113 \"-\" \"HTTPie\"","service":"acquisitions-api"}
{"level":"info","message":"User test1@gmail.com authenticated successfully","service":"acquisitions-api"}
{"level":"info","message":"User signed in successfully: test1@gmail.com","service":"acquisitions-api"}
{"level":"info","message":"::1 - - [23/Jun/2026:10:49:52 +0000] \"POST /api/auth/sign-in HTTP/1.1\" 200 113 \"-\" \"HTTPie\"","service":"acquisitions-api"}
{"level":"info","message":"User test1@gmail.com authenticated successfully","service":"acquisitions-api"}
{"level":"info","message":"User signed in successfully: test1@gmail.com","service":"acquisitions-api"}
{"level":"info","message":"::1 - - [23/Jun/2026:10:49:53 +0000] \"POST /api/auth/sign-in HTTP/1.1\" 200 113 \"-\" \"HTTPie\"","service":"acquisitions-api"}
{"level":"info","message":"User test1@gmail.com authenticated successfully","service":"acquisitions-api"}
{"level":"info","message":"User signed in successfully: test1@gmail.com","service":"acquisitions-api"}
{"level":"info","message":"::1 - - [23/Jun/2026:10:49:54 +0000] \"POST /api/auth/sign-in HTTP/1.1\" 200 113 \"-\" \"HTTPie\"","service":"acquisitions-api"}
{"level":"info","message":"User test1@gmail.com authenticated successfully","service":"acquisitions-api"}
{"level":"info","message":"User signed in successfully: test1@gmail.com","service":"acquisitions-api"}
{"level":"info","message":"::1 - - [23/Jun/2026:10:49:54 +0000] \"POST /api/auth/sign-in HTTP/1.1\" 200 113 \"-\" \"HTTPie\"","service":"acquisitions-api"}
{"level":"info","message":"User test1@gmail.com authenticated successfully","service":"acquisitions-api"}
{"level":"info","message":"User signed in successfully: test1@gmail.com","service":"acquisitions-api"}
{"level":"info","message":"::1 - - [23/Jun/2026:10:49:54 +0000] \"POST /api/auth/sign-in HTTP/1.1\" 200 113 \"-\" \"HTTPie\"","service":"acquisitions-api"}
{"level":"info","message":"User test1@gmail.com authenticated successfully","service":"acquisitions-api"}
{"level":"info","message":"User signed in successfully: test1@gmail.com","service":"acquisitions-api"}
{"level":"info","message":"::1 - - [23/Jun/2026:10:49:55 +0000] \"POST /api/auth/sign-in HTTP/1.1\" 200 113 \"-\" \"HTTPie\"","service":"acquisitions-api"}
{"level":"info","message":"User test1@gmail.com authenticated successfully","service":"acquisitions-api"}
{"level":"info","message":"User signed in successfully: test1@gmail.com","service":"acquisitions-api"}
{"level":"info","message":"::1 - - [23/Jun/2026:10:49:55 +0000] \"POST /api/auth/sign-in HTTP/1.1\" 200 113 \"-\" \"HTTPie\"","service":"acquisitions-api"}
{"level":"info","message":"User test1@gmail.com authenticated successfully","service":"acquisitions-api"}
{"level":"info","message":"User signed in successfully: test1@gmail.com","service":"acquisitions-api"}
{"level":"info","message":"::1 - - [23/Jun/2026:10:49:56 +0000] \"POST /api/auth/sign-in HTTP/1.1\" 200 113 \"-\" \"HTTPie\"","service":"acquisitions-api"}
{"level":"info","message":"User test1@gmail.com authenticated successfully","service":"acquisitions-api"}
{"level":"info","message":"User signed in successfully: test1@gmail.com","service":"acquisitions-api"}
{"level":"info","message":"::1 - - [23/Jun/2026:10:49:57 +0000] \"POST /api/auth/sign-in HTTP/1.1\" 200 113 \"-\" \"HTTPie\"","service":"acquisitions-api"}
{"level":"info","message":"User test1@gmail.com authenticated successfully","service":"acquisitions-api"}
{"level":"info","message":"User signed in successfully: test1@gmail.com","service":"acquisitions-api"}
{"level":"info","message":"::1 - - [23/Jun/2026:10:49:57 +0000] \"POST /api/auth/sign-in HTTP/1.1\" 200 113 \"-\" \"HTTPie\"","service":"acquisitions-api"}
{"level":"info","message":"User test1@gmail.com authenticated successfully","service":"acquisitions-api"}
{"level":"info","message":"User signed in successfully: test1@gmail.com","service":"acquisitions-api"}
{"level":"info","message":"::1 - - [23/Jun/2026:10:49:57 +0000] \"POST /api/auth/sign-in HTTP/1.1\" 200 113 \"-\" \"HTTPie\"","service":"acquisitions-api"}
{"level":"info","message":"User test1@gmail.com authenticated successfully","service":"acquisitions-api"}
{"level":"info","message":"User signed in successfully: test1@gmail.com","service":"acquisitions-api"}
{"level":"info","message":"::1 - - [23/Jun/2026:10:49:57 +0000] \"POST /api/auth/sign-in HTTP/1.1\" 200 113 \"-\" \"HTTPie\"","service":"acquisitions-api"}
{"level":"info","message":"::1 - - [23/Jun/2026:10:51:33 +0000] \"GET /api/ HTTP/1.1\" 200 28 \"-\" \"HTTPie\"","service":"acquisitions-api"}
{"level":"info","message":"::1 - - [23/Jun/2026:10:51:34 +0000] \"GET /api/ HTTP/1.1\" 200 28 \"-\" \"HTTPie\"","service":"acquisitions-api"}
{"level":"info","message":"::1 - - [23/Jun/2026:10:51:34 +0000] \"GET /api/ HTTP/1.1\" 200 28 \"-\" \"HTTPie\"","service":"acquisitions-api"}
{"level":"info","message":"::1 - - [23/Jun/2026:10:51:35 +0000] \"GET /api/ HTTP/1.1\" 200 28 \"-\" \"HTTPie\"","service":"acquisitions-api"}
{"level":"info","message":"::1 - - [23/Jun/2026:10:51:35 +0000] \"GET /api/ HTTP/1.1\" 200 28 \"-\" \"HTTPie\"","service":"acquisitions-api"}
{"level":"info","message":"::1 - - [23/Jun/2026:10:51:36 +0000] \"GET /api/ HTTP/1.1\" 200 28 \"-\" \"HTTPie\"","service":"acquisitions-api"}
{"level":"info","message":"::1 - - [23/Jun/2026:10:51:36 +0000] \"GET /api/ HTTP/1.1\" 200 28 \"-\" \"HTTPie\"","service":"acquisitions-api"}
{"level":"info","message":"::1 - - [23/Jun/2026:10:51:37 +0000] \"GET /api/ HTTP/1.1\" 200 28 \"-\" \"HTTPie\"","service":"acquisitions-api"}
{"level":"info","message":"::1 - - [23/Jun/2026:10:51:37 +0000] \"GET /api/ HTTP/1.1\" 200 28 \"-\" \"HTTPie\"","service":"acquisitions-api"}
{"level":"info","message":"::1 - - [23/Jun/2026:10:51:38 +0000] \"GET /api/ HTTP/1.1\" 200 28 \"-\" \"HTTPie\"","service":"acquisitions-api"}
{"level":"info","message":"::1 - - [23/Jun/2026:10:51:38 +0000] \"GET /api/ HTTP/1.1\" 200 28 \"-\" \"HTTPie\"","service":"acquisitions-api"}
{"level":"info","message":"::1 - - [23/Jun/2026:10:51:39 +0000] \"GET /api/ HTTP/1.1\" 200 28 \"-\" \"HTTPie\"","service":"acquisitions-api"}
{"level":"info","message":"::1 - - [23/Jun/2026:10:51:39 +0000] \"GET /api/ HTTP/1.1\" 200 28 \"-\" \"HTTPie\"","service":"acquisitions-api"}
{"level":"info","message":"::1 - - [23/Jun/2026:10:51:39 +0000] \"GET /api/ HTTP/1.1\" 200 28 \"-\" \"HTTPie\"","service":"acquisitions-api"}
{"level":"info","message":"::1 - - [23/Jun/2026:10:51:39 +0000] \"GET /api/ HTTP/1.1\" 200 28 \"-\" \"HTTPie\"","service":"acquisitions-api"}
{"level":"info","message":"::1 - - [23/Jun/2026:10:51:39 +0000] \"GET /api/ HTTP/1.1\" 200 28 \"-\" \"HTTPie\"","service":"acquisitions-api"}
{"level":"info","message":"::1 - - [23/Jun/2026:10:51:39 +0000] \"GET /api/ HTTP/1.1\" 200 28 \"-\" \"HTTPie\"","service":"acquisitions-api"}
{"level":"info","message":"::1 - - [23/Jun/2026:10:51:39 +0000] \"GET /api/ HTTP/1.1\" 200 28 \"-\" \"HTTPie\"","service":"acquisitions-api"}
{"level":"info","message":"::1 - - [23/Jun/2026:10:51:39 +0000] \"GET /api/ HTTP/1.1\" 200 28 \"-\" \"HTTPie\"","service":"acquisitions-api"}
{"level":"info","message":"::1 - - [23/Jun/2026:10:51:39 +0000] \"GET /api/ HTTP/1.1\" 200 28 \"-\" \"HTTPie\"","service":"acquisitions-api"}
{"level":"info","message":"::1 - - [23/Jun/2026:10:51:39 +0000] \"GET /api/ HTTP/1.1\" 200 28 \"-\" \"HTTPie\"","service":"acquisitions-api"}
{"level":"info","message":"::1 - - [23/Jun/2026:10:51:39 +0000] \"GET /api/ HTTP/1.1\" 200 28 \"-\" \"HTTPie\"","service":"acquisitions-api"}
{"level":"info","message":"::1 - - [23/Jun/2026:10:51:40 +0000] \"GET /api/ HTTP/1.1\" 200 28 \"-\" \"HTTPie\"","service":"acquisitions-api"}
{"level":"info","message":"::1 - - [23/Jun/2026:10:51:40 +0000] \"GET /api/ HTTP/1.1\" 200 28 \"-\" \"HTTPie\"","service":"acquisitions-api"}
{"level":"info","message":"::1 - - [23/Jun/2026:10:51:40 +0000] \"GET /api/ HTTP/1.1\" 200 28 \"-\" \"HTTPie\"","service":"acquisitions-api"}
{"level":"info","message":"::1 - - [23/Jun/2026:10:51:40 +0000] \"GET /api/ HTTP/1.1\" 200 28 \"-\" \"HTTPie\"","service":"acquisitions-api"}
{"level":"info","message":"::1 - - [23/Jun/2026:10:51:40 +0000] \"GET /api/ HTTP/1.1\" 200 28 \"-\" \"HTTPie\"","service":"acquisitions-api"}
{"level":"info","message":"::1 - - [23/Jun/2026:10:51:40 +0000] \"GET /api/ HTTP/1.1\" 200 28 \"-\" \"HTTPie\"","service":"acquisitions-api"}
{"level":"info","message":"::1 - - [23/Jun/2026:10:51:40 +0000] \"GET /api/ HTTP/1.1\" 200 28 \"-\" \"HTTPie\"","service":"acquisitions-api"}
{"level":"info","message":"::1 - - [23/Jun/2026:10:51:40 +0000] \"GET /api/ HTTP/1.1\" 200 28 \"-\" \"HTTPie\"","service":"acquisitions-api"}
{"level":"info","message":"::1 - - [23/Jun/2026:10:51:40 +0000] \"GET /api/ HTTP/1.1\" 200 28 \"-\" \"HTTPie\"","service":"acquisitions-api"}
{"level":"info","message":"::1 - - [23/Jun/2026:10:51:40 +0000] \"GET /api/ HTTP/1.1\" 200 28 \"-\" \"HTTPie\"","service":"acquisitions-api"}
{"level":"info","message":"::1 - - [23/Jun/2026:10:51:41 +0000] \"GET /api/ HTTP/1.1\" 200 28 \"-\" \"HTTPie\"","service":"acquisitions-api"}
{"level":"info","message":"::1 - - [23/Jun/2026:10:51:41 +0000] \"GET /api/ HTTP/1.1\" 200 28 \"-\" \"HTTPie\"","service":"acquisitions-api"}
{"level":"info","message":"::1 - - [23/Jun/2026:10:51:41 +0000] \"GET /api/ HTTP/1.1\" 200 28 \"-\" \"HTTPie\"","service":"acquisitions-api"}
{"level":"info","message":"::1 - - [23/Jun/2026:10:51:41 +0000] \"GET /api/ HTTP/1.1\" 200 28 \"-\" \"HTTPie\"","service":"acquisitions-api"}
{"level":"info","message":"::1 - - [23/Jun/2026:10:51:41 +0000] \"GET /api/ HTTP/1.1\" 200 28 \"-\" \"HTTPie\"","service":"acquisitions-api"}
{"level":"info","message":"::1 - - [23/Jun/2026:10:51:41 +0000] \"GET /api/ HTTP/1.1\" 200 28 \"-\" \"HTTPie\"","service":"acquisitions-api"}
{"level":"info","message":"::1 - - [23/Jun/2026:10:51:41 +0000] \"GET /api/ HTTP/1.1\" 200 28 \"-\" \"HTTPie\"","service":"acquisitions-api"}
{"level":"info","message":"::1 - - [23/Jun/2026:10:51:41 +0000] \"GET /api/ HTTP/1.1\" 200 28 \"-\" \"HTTPie\"","service":"acquisitions-api"}
{"level":"info","message":"::1 - - [23/Jun/2026:10:51:41 +0000] \"GET /api/ HTTP/1.1\" 200 28 \"-\" \"HTTPie\"","service":"acquisitions-api"}
{"level":"info","message":"::1 - - [23/Jun/2026:10:51:41 +0000] \"GET /api/ HTTP/1.1\" 200 28 \"-\" \"HTTPie\"","service":"acquisitions-api"}
{"level":"info","message":"::1 - - [23/Jun/2026:10:51:42 +0000] \"GET /api/ HTTP/1.1\" 200 28 \"-\" \"HTTPie\"","service":"acquisitions-api"}
{"level":"info","message":"::1 - - [23/Jun/2026:10:51:42 +0000] \"GET /api/ HTTP/1.1\" 200 28 \"-\" \"HTTPie\"","service":"acquisitions-api"}
{"level":"info","message":"::1 - - [23/Jun/2026:10:51:42 +0000] \"GET /api/ HTTP/1.1\" 200 28 \"-\" \"HTTPie\"","service":"acquisitions-api"}
{"level":"info","message":"::1 - - [23/Jun/2026:10:51:42 +0000] \"GET /api/ HTTP/1.1\" 200 28 \"-\" \"HTTPie\"","service":"acquisitions-api"}
{"level":"info","message":"::1 - - [23/Jun/2026:10:51:42 +0000] \"GET /api/ HTTP/1.1\" 200 28 \"-\" \"HTTPie\"","service":"acquisitions-api"}
{"level":"info","message":"::1 - - [23/Jun/2026:10:51:42 +0000] \"GET /api/ HTTP/1.1\" 200 28 \"-\" \"HTTPie\"","service":"acquisitions-api"}
{"level":"info","message":"::1 - - [23/Jun/2026:10:51:42 +0000] \"GET /api/ HTTP/1.1\" 200 28 \"-\" \"HTTPie\"","service":"acquisitions-api"}
{"level":"info","message":"::1 - - [23/Jun/2026:10:51:42 +0000] \"GET /api/ HTTP/1.1\" 200 28 \"-\" \"HTTPie\"","service":"acquisitions-api"}
{"level":"info","message":"::1 - - [23/Jun/2026:10:51:42 +0000] \"GET /api/ HTTP/1.1\" 200 28 \"-\" \"HTTPie\"","service":"acquisitions-api"}
{"level":"info","message":"::1 - - [23/Jun/2026:10:51:42 +0000] \"GET /api/ HTTP/1.1\" 200 28 \"-\" \"HTTPie\"","service":"acquisitions-api"}
{"level":"info","message":"::1 - - [23/Jun/2026:10:51:43 +0000] \"GET /api/ HTTP/1.1\" 200 28 \"-\" \"HTTPie\"","service":"acquisitions-api"}
{"level":"info","message":"::1 - - [23/Jun/2026:10:51:43 +0000] \"GET /api/ HTTP/1.1\" 200 28 \"-\" \"HTTPie\"","service":"acquisitions-api"}
{"level":"info","message":"::1 - - [23/Jun/2026:10:51:43 +0000] \"GET /api/ HTTP/1.1\" 200 28 \"-\" \"HTTPie\"","service":"acquisitions-api"}
{"level":"info","message":"::1 - - [23/Jun/2026:10:51:44 +0000] \"GET /api/ HTTP/1.1\" 200 28 \"-\" \"HTTPie\"","service":"acquisitions-api"}
{"level":"info","message":"::1 - - [23/Jun/2026:10:52:29 +0000] \"GET /api/ HTTP/1.1\" 200 28 \"-\" \"HTTPie\"","service":"acquisitions-api"}
{"level":"info","message":"::1 - - [23/Jun/2026:10:52:31 +0000] \"GET /api/ HTTP/1.1\" 200 28 \"-\" \"HTTPie\"","service":"acquisitions-api"}
{"level":"info","message":"::1 - - [23/Jun/2026:10:52:31 +0000] \"GET /api/ HTTP/1.1\" 200 28 \"-\" \"HTTPie\"","service":"acquisitions-api"}
{"level":"info","message":"::1 - - [23/Jun/2026:10:52:32 +0000] \"GET /api/ HTTP/1.1\" 200 28 \"-\" \"HTTPie\"","service":"acquisitions-api"}
{"level":"info","message":"::1 - - [23/Jun/2026:10:52:33 +0000] \"GET /api/ HTTP/1.1\" 200 28 \"-\" \"HTTPie\"","service":"acquisitions-api"}
{"level":"info","message":"::1 - - [23/Jun/2026:10:52:34 +0000] \"GET /api/ HTTP/1.1\" 200 28 \"-\" \"HTTPie\"","service":"acquisitions-api"}
{"level":"info","message":"::1 - - [23/Jun/2026:10:52:34 +0000] \"GET /api/ HTTP/1.1\" 200 28 \"-\" \"HTTPie\"","service":"acquisitions-api"}
{"level":"info","message":"::1 - - [23/Jun/2026:10:52:35 +0000] \"GET /api/ HTTP/1.1\" 200 28 \"-\" \"HTTPie\"","service":"acquisitions-api"}
{"level":"info","message":"::1 - - [23/Jun/2026:10:52:35 +0000] \"GET /api/ HTTP/1.1\" 200 28 \"-\" \"HTTPie\"","service":"acquisitions-api"}
{"level":"info","message":"::1 - - [23/Jun/2026:10:52:36 +0000] \"GET /api/ HTTP/1.1\" 200 28 \"-\" \"HTTPie\"","service":"acquisitions-api"}
{"level":"info","message":"::1 - - [23/Jun/2026:10:52:37 +0000] \"GET /api/ HTTP/1.1\" 200 28 \"-\" \"HTTPie\"","service":"acquisitions-api"}
{"level":"info","message":"::1 - - [23/Jun/2026:10:52:37 +0000] \"GET /api/ HTTP/1.1\" 200 28 \"-\" \"HTTPie\"","service":"acquisitions-api"}
{"level":"info","message":"::1 - - [23/Jun/2026:10:52:38 +0000] \"GET /api/ HTTP/1.1\" 200 28 \"-\" \"HTTPie\"","service":"acquisitions-api"}
{"level":"info","message":"::1 - - [23/Jun/2026:10:52:38 +0000] \"GET /api/ HTTP/1.1\" 200 28 \"-\" \"HTTPie\"","service":"acquisitions-api"}
{"level":"info","message":"::1 - - [23/Jun/2026:10:52:39 +0000] \"GET /api/ HTTP/1.1\" 200 28 \"-\" \"HTTPie\"","service":"acquisitions-api"}
{"level":"info","message":"::1 - - [23/Jun/2026:10:52:40 +0000] \"GET /api/ HTTP/1.1\" 200 28 \"-\" \"HTTPie\"","service":"acquisitions-api"}
{"level":"info","message":"::1 - - [23/Jun/2026:10:52:40 +0000] \"GET /api/ HTTP/1.1\" 200 28 \"-\" \"HTTPie\"","service":"acquisitions-api"}
{"level":"info","message":"::1 - - [23/Jun/2026:10:52:41 +0000] \"GET /api/ HTTP/1.1\" 200 28 \"-\" \"HTTPie\"","service":"acquisitions-api"}
{"level":"info","message":"::1 - - [23/Jun/2026:10:52:42 +0000] \"GET /api/ HTTP/1.1\" 200 28 \"-\" \"HTTPie\"","service":"acquisitions-api"}
{"level":"info","message":"::1 - - [23/Jun/2026:10:52:42 +0000] \"GET /api/ HTTP/1.1\" 200 28 \"-\" \"HTTPie\"","service":"acquisitions-api"}
{"level":"info","message":"::1 - - [23/Jun/2026:10:52:43 +0000] \"GET /api/ HTTP/1.1\" 200 28 \"-\" \"HTTPie\"","service":"acquisitions-api"}
{"level":"info","message":"::1 - - [23/Jun/2026:10:52:43 +0000] \"GET /api/ HTTP/1.1\" 200 28 \"-\" \"HTTPie\"","service":"acquisitions-api"}
{"level":"info","message":"::1 - - [23/Jun/2026:10:52:44 +0000] \"GET /api/ HTTP/1.1\" 200 28 \"-\" \"HTTPie\"","service":"acquisitions-api"}
{"level":"info","message":"::1 - - [23/Jun/2026:10:52:44 +0000] \"GET /api/ HTTP/1.1\" 200 28 \"-\" \"HTTPie\"","service":"acquisitions-api"}
{"level":"info","message":"::1 - - [23/Jun/2026:10:52:44 +0000] \"GET /api/ HTTP/1.1\" 200 28 \"-\" \"HTTPie\"","service":"acquisitions-api"}
{"level":"info","message":"::1 - - [23/Jun/2026:10:52:44 +0000] \"GET /api/ HTTP/1.1\" 200 28 \"-\" \"HTTPie\"","service":"acquisitions-api"}
{"level":"info","message":"Hello sandunika","service":"acquisitions-api"}
{"level":"info","message":"::1 - - [23/Jun/2026:11:32:47 +0000] \"GET / HTTP/1.1\" 304 - \"-\" \"Mozilla/5.0 (Macintosh; Intel Mac OS X 10_15_7) AppleWebKit/537.36 (KHTML, like Gecko) Chrome/123.0.0.0 Safari/537.36\"","service":"acquisitions-api"}
{"level":"info","message":"::1 - - [23/Jun/2026:11:32:48 +0000] \"GET /favicon.ico HTTP/1.1\" 404 150 \"-\" \"Mozilla/5.0 (Macintosh; Intel Mac OS X 10_15_7) AppleWebKit/537.36 (KHTML, like Gecko) Chrome/123.0.0.0 Safari/537.36\"","service":"acquisitions-api"}
{"level":"info","message":"::1 - - [23/Jun/2026:11:32:52 +0000] \"GET /api HTTP/1.1\" 304 - \"-\" \"Mozilla/5.0 (Macintosh; Intel Mac OS X 10_15_7) AppleWebKit/537.36 (KHTML, like Gecko) Chrome/123.0.0.0 Safari/537.36\"","service":"acquisitions-api"}
{"level":"info","message":"::1 - - [23/Jun/2026:11:32:56 +0000] \"GET /api/ HTTP/1.1\" 200 28 \"-\" \"HTTPie\"","service":"acquisitions-api"}
{"level":"info","message":"::1 - - [23/Jun/2026:11:33:07 +0000] \"POST /api/auth-sign-in HTTP/1.1\" 404 156 \"-\" \"HTTPie\"","service":"acquisitions-api"}
{"level":"info","message":"User test1@gmail.com authenticated successfully","service":"acquisitions-api"}
{"level":"info","message":"User signed in successfully: test1@gmail.com","service":"acquisitions-api"}
{"level":"info","message":"::1 - - [23/Jun/2026:11:33:19 +0000] \"POST /api/auth/sign-in HTTP/1.1\" 200 113 \"-\" \"HTTPie\"","service":"acquisitions-api"}
{"level":"info","message":"::1 - - [23/Jun/2026:13:02:28 +0000] \"GET /health HTTP/1.1\" 200 75 \"-\" \"-\"","service":"acquisitions-api"}
{"level":"info","message":"::1 - - [23/Jun/2026:13:02:59 +0000] \"GET /health HTTP/1.1\" 200 76 \"-\" \"-\"","service":"acquisitions-api"}
{"level":"info","message":"Hello sandunika","service":"acquisitions-api"}
{"level":"info","message":"::ffff:192.168.65.1 - - [23/Jun/2026:13:03:08 +0000] \"GET / HTTP/1.1\" 304 - \"-\" \"Mozilla/5.0 (Macintosh; Intel Mac OS X 10_15_7) AppleWebKit/537.36 (KHTML, like Gecko) Chrome/123.0.0.0 Safari/537.36\"","service":"acquisitions-api"}
{"level":"info","message":"::ffff:192.168.65.1 - - [23/Jun/2026:13:03:14 +0000] \"GET /api HTTP/1.1\" 304 - \"-\" \"Mozilla/5.0 (Macintosh; Intel Mac OS X 10_15_7) AppleWebKit/537.36 (KHTML, like Gecko) Chrome/123.0.0.0 Safari/537.36\"","service":"acquisitions-api"}
{"level":"info","message":"::ffff:192.168.65.1 - - [23/Jun/2026:13:03:24 +0000] \"GET /health HTTP/1.1\" 200 76 \"-\" \"Mozilla/5.0 (Macintosh; Intel Mac OS X 10_15_7) AppleWebKit/537.36 (KHTML, like Gecko) Chrome/123.0.0.0 Safari/537.36\"","service":"acquisitions-api"}
{"level":"info","message":"::1 - - [23/Jun/2026:13:03:30 +0000] \"GET /health HTTP/1.1\" 200 76 \"-\" \"-\"","service":"acquisitions-api"}
{"level":"info","message":"User test1@gmail.com authenticated successfully","service":"acquisitions-api"}
{"level":"info","message":"User signed in successfully: test1@gmail.com","service":"acquisitions-api"}
{"level":"info","message":"::ffff:192.168.65.1 - - [23/Jun/2026:13:03:32 +0000] \"POST /api/auth/sign-in HTTP/1.1\" 200 113 \"-\" \"HTTPie\"","service":"acquisitions-api"}
{"level":"info","message":"::1 - - [23/Jun/2026:13:04:00 +0000] \"GET /health HTTP/1.1\" 200 76 \"-\" \"-\"","service":"acquisitions-api"}
{"level":"info","message":"::1 - - [23/Jun/2026:13:04:31 +0000] \"GET /health HTTP/1.1\" 200 77 \"-\" \"-\"","service":"acquisitions-api"}
{"level":"info","message":"::1 - - [23/Jun/2026:13:05:01 +0000] \"GET /health HTTP/1.1\" 200 77 \"-\" \"-\"","service":"acquisitions-api"}
{"level":"info","message":"::1 - - [23/Jun/2026:13:05:31 +0000] \"GET /health HTTP/1.1\" 200 77 \"-\" \"-\"","service":"acquisitions-api"}
{"level":"info","message":"::1 - - [23/Jun/2026:13:06:02 +0000] \"GET /health HTTP/1.1\" 200 77 \"-\" \"-\"","service":"acquisitions-api"}
{"level":"info","message":"::1 - - [23/Jun/2026:13:06:32 +0000] \"GET /health HTTP/1.1\" 200 77 \"-\" \"-\"","service":"acquisitions-api"}
{"level":"info","message":"::1 - - [23/Jun/2026:13:07:03 +0000] \"GET /health HTTP/1.1\" 200 76 \"-\" \"-\"","service":"acquisitions-api"}
{"level":"info","message":"::1 - - [23/Jun/2026:13:07:34 +0000] \"GET /health HTTP/1.1\" 200 77 \"-\" \"-\"","service":"acquisitions-api"}
{"level":"info","message":"::1 - - [23/Jun/2026:13:08:05 +0000] \"GET /health HTTP/1.1\" 200 77 \"-\" \"-\"","service":"acquisitions-api"}
{"level":"info","message":"::1 - - [23/Jun/2026:13:08:35 +0000] \"GET /health HTTP/1.1\" 200 77 \"-\" \"-\"","service":"acquisitions-api"}
{"level":"info","message":"::1 - - [23/Jun/2026:13:09:06 +0000] \"GET /health HTTP/1.1\" 200 77 \"-\" \"-\"","service":"acquisitions-api"}
{"level":"info","message":"::1 - - [23/Jun/2026:13:09:37 +0000] \"GET /health HTTP/1.1\" 200 77 \"-\" \"-\"","service":"acquisitions-api"}
{"level":"info","message":"::1 - - [23/Jun/2026:13:10:07 +0000] \"GET /health HTTP/1.1\" 200 77 \"-\" \"-\"","service":"acquisitions-api"}
{"level":"info","message":"::1 - - [23/Jun/2026:13:10:38 +0000] \"GET /health HTTP/1.1\" 200 77 \"-\" \"-\"","service":"acquisitions-api"}
{"level":"info","message":"::1 - - [23/Jun/2026:13:11:08 +0000] \"GET /health HTTP/1.1\" 200 77 \"-\" \"-\"","service":"acquisitions-api"}
{"level":"info","message":"::1 - - [23/Jun/2026:13:11:38 +0000] \"GET /health HTTP/1.1\" 200 77 \"-\" \"-\"","service":"acquisitions-api"}
{"level":"info","message":"::1 - - [23/Jun/2026:13:12:09 +0000] \"GET /health HTTP/1.1\" 200 77 \"-\" \"-\"","service":"acquisitions-api"}
{"level":"info","message":"::1 - - [23/Jun/2026:13:12:40 +0000] \"GET /health HTTP/1.1\" 200 77 \"-\" \"-\"","service":"acquisitions-api"}
{"level":"info","message":"::1 - - [23/Jun/2026:14:16:48 +0000] \"GET /health HTTP/1.1\" 200 77 \"-\" \"-\"","service":"acquisitions-api"}
{"level":"info","message":"::1 - - [23/Jun/2026:14:55:55 +0000] \"GET /health HTTP/1.1\" 200 77 \"-\" \"-\"","service":"acquisitions-api"}
{"level":"info","message":"::1 - - [23/Jun/2026:14:56:25 +0000] \"GET /health HTTP/1.1\" 200 77 \"-\" \"-\"","service":"acquisitions-api"}
{"level":"info","message":"::1 - - [23/Jun/2026:14:56:56 +0000] \"GET /health HTTP/1.1\" 200 76 \"-\" \"-\"","service":"acquisitions-api"}
{"level":"info","message":"::1 - - [23/Jun/2026:14:57:26 +0000] \"GET /health HTTP/1.1\" 200 77 \"-\" \"-\"","service":"acquisitions-api"}
{"level":"info","message":"::1 - - [23/Jun/2026:14:57:56 +0000] \"GET /health HTTP/1.1\" 200 77 \"-\" \"-\"","service":"acquisitions-api"}
{"level":"info","message":"::1 - - [23/Jun/2026:14:58:27 +0000] \"GET /health HTTP/1.1\" 200 77 \"-\" \"-\"","service":"acquisitions-api"}
{"level":"info","message":"::1 - - [23/Jun/2026:14:58:57 +0000] \"GET /health HTTP/1.1\" 200 77 \"-\" \"-\"","service":"acquisitions-api"}
{"level":"info","message":"::1 - - [23/Jun/2026:14:59:27 +0000] \"GET /health HTTP/1.1\" 200 77 \"-\" \"-\"","service":"acquisitions-api"}
{"level":"info","message":"::1 - - [23/Jun/2026:14:59:58 +0000] \"GET /health HTTP/1.1\" 200 77 \"-\" \"-\"","service":"acquisitions-api"}
{"level":"info","message":"::1 - - [23/Jun/2026:15:00:28 +0000] \"GET /health HTTP/1.1\" 200 77 \"-\" \"-\"","service":"acquisitions-api"}
{"level":"info","message":"::1 - - [23/Jun/2026:15:00:59 +0000] \"GET /health HTTP/1.1\" 200 77 \"-\" \"-\"","service":"acquisitions-api"}
{"level":"info","message":"::1 - - [23/Jun/2026:15:01:30 +0000] \"GET /health HTTP/1.1\" 200 78 \"-\" \"-\"","service":"acquisitions-api"}
{"level":"info","message":"::1 - - [23/Jun/2026:15:04:40 +0000] \"GET /health HTTP/1.1\" 200 78 \"-\" \"-\"","service":"acquisitions-api"}
{"level":"info","message":"::1 - - [23/Jun/2026:15:05:44 +0000] \"GET /health HTTP/1.1\" 200 78 \"-\" \"-\"","service":"acquisitions-api"}
{"level":"info","message":"::1 - - [23/Jun/2026:15:06:35 +0000] \"GET /health HTTP/1.1\" 200 78 \"-\" \"-\"","service":"acquisitions-api"}
{"level":"info","message":"::1 - - [23/Jun/2026:15:08:37 +0000] \"GET /health HTTP/1.1\" 200 78 \"-\" \"-\"","service":"acquisitions-api"}
{"level":"info","message":"::1 - - [23/Jun/2026:15:09:23 +0000] \"GET /health HTTP/1.1\" 200 78 \"-\" \"-\"","service":"acquisitions-api"}
{"level":"info","message":"::1 - - [23/Jun/2026:15:09:53 +0000] \"GET /health HTTP/1.1\" 200 78 \"-\" \"-\"","service":"acquisitions-api"}
{"level":"info","message":"::1 - - [23/Jun/2026:15:10:24 +0000] \"GET /health HTTP/1.1\" 200 78 \"-\" \"-\"","service":"acquisitions-api"}
{"level":"info","message":"::1 - - [23/Jun/2026:15:10:54 +0000] \"GET /health HTTP/1.1\" 200 78 \"-\" \"-\"","service":"acquisitions-api"}
{"level":"info","message":"::1 - - [23/Jun/2026:15:11:24 +0000] \"GET /health HTTP/1.1\" 200 78 \"-\" \"-\"","service":"acquisitions-api"}
{"level":"info","message":"::1 - - [23/Jun/2026:15:11:55 +0000] \"GET /health HTTP/1.1\" 200 78 \"-\" \"-\"","service":"acquisitions-api"}
{"level":"info","message":"::1 - - [23/Jun/2026:15:12:25 +0000] \"GET /health HTTP/1.1\" 200 78 \"-\" \"-\"","service":"acquisitions-api"}
{"level":"info","message":"::1 - - [23/Jun/2026:15:12:57 +0000] \"GET /health HTTP/1.1\" 200 78 \"-\" \"-\"","service":"acquisitions-api"}
{"level":"info","message":"::1 - - [23/Jun/2026:15:13:28 +0000] \"GET /health HTTP/1.1\" 200 78 \"-\" \"-\"","service":"acquisitions-api"}
{"level":"info","message":"::1 - - [23/Jun/2026:15:13:59 +0000] \"GET /health HTTP/1.1\" 200 78 \"-\" \"-\"","service":"acquisitions-api"}
{"level":"info","message":"::1 - - [23/Jun/2026:15:14:31 +0000] \"GET /health HTTP/1.1\" 200 77 \"-\" \"-\"","service":"acquisitions-api"}
{"level":"info","message":"::1 - - [23/Jun/2026:15:15:01 +0000] \"GET /health HTTP/1.1\" 200 78 \"-\" \"-\"","service":"acquisitions-api"}
{"level":"info","message":"::1 - - [23/Jun/2026:15:15:31 +0000] \"GET /health HTTP/1.1\" 200 77 \"-\" \"-\"","service":"acquisitions-api"}
{"level":"info","message":"::1 - - [23/Jun/2026:15:16:02 +0000] \"GET /health HTTP/1.1\" 200 78 \"-\" \"-\"","service":"acquisitions-api"}
{"level":"info","message":"::1 - - [23/Jun/2026:15:16:32 +0000] \"GET /health HTTP/1.1\" 200 78 \"-\" \"-\"","service":"acquisitions-api"}
{"level":"info","message":"::1 - - [23/Jun/2026:15:17:02 +0000] \"GET /health HTTP/1.1\" 200 78 \"-\" \"-\"","service":"acquisitions-api"}
{"level":"info","message":"::1 - - [23/Jun/2026:15:17:33 +0000] \"GET /health HTTP/1.1\" 200 78 \"-\" \"-\"","service":"acquisitions-api"}
{"level":"info","message":"::1 - - [23/Jun/2026:15:18:03 +0000] \"GET /health HTTP/1.1\" 200 78 \"-\" \"-\"","service":"acquisitions-api"}
{"level":"info","message":"::1 - - [23/Jun/2026:15:18:33 +0000] \"GET /health HTTP/1.1\" 200 78 \"-\" \"-\"","service":"acquisitions-api"}
{"level":"info","message":"::1 - - [23/Jun/2026:15:19:04 +0000] \"GET /health HTTP/1.1\" 200 78 \"-\" \"-\"","service":"acquisitions-api"}
{"level":"info","message":"::1 - - [23/Jun/2026:15:19:34 +0000] \"GET /health HTTP/1.1\" 200 78 \"-\" \"-\"","service":"acquisitions-api"}
{"level":"info","message":"::1 - - [23/Jun/2026:15:24:24 +0000] \"GET /health HTTP/1.1\" 200 78 \"-\" \"-\"","service":"acquisitions-api"}
{"level":"info","message":"::1 - - [23/Jun/2026:15:24:55 +0000] \"GET /health HTTP/1.1\" 200 78 \"-\" \"-\"","service":"acquisitions-api"}
{"level":"info","message":"::1 - - [23/Jun/2026:15:25:26 +0000] \"GET /health HTTP/1.1\" 200 78 \"-\" \"-\"","service":"acquisitions-api"}
{"level":"info","message":"::1 - - [23/Jun/2026:15:25:56 +0000] \"GET /health HTTP/1.1\" 200 78 \"-\" \"-\"","service":"acquisitions-api"}
{"level":"info","message":"::1 - - [23/Jun/2026:15:26:27 +0000] \"GET /health HTTP/1.1\" 200 77 \"-\" \"-\"","service":"acquisitions-api"}
{"level":"info","message":"::1 - - [23/Jun/2026:15:26:57 +0000] \"GET /health HTTP/1.1\" 200 78 \"-\" \"-\"","service":"acquisitions-api"}
{"level":"info","message":"::1 - - [23/Jun/2026:15:27:28 +0000] \"GET /health HTTP/1.1\" 200 78 \"-\" \"-\"","service":"acquisitions-api"}
{"level":"info","message":"::1 - - [23/Jun/2026:15:27:58 +0000] \"GET /health HTTP/1.1\" 200 78 \"-\" \"-\"","service":"acquisitions-api"}
{"level":"info","message":"::1 - - [23/Jun/2026:15:28:29 +0000] \"GET /health HTTP/1.1\" 200 78 \"-\" \"-\"","service":"acquisitions-api"}
{"level":"info","message":"::1 - - [23/Jun/2026:15:28:59 +0000] \"GET /health HTTP/1.1\" 200 78 \"-\" \"-\"","service":"acquisitions-api"}
{"level":"info","message":"::1 - - [23/Jun/2026:15:29:30 +0000] \"GET /health HTTP/1.1\" 200 78 \"-\" \"-\"","service":"acquisitions-api"}
{"level":"info","message":"::1 - - [23/Jun/2026:15:30:00 +0000] \"GET /health HTTP/1.1\" 200 78 \"-\" \"-\"","service":"acquisitions-api"}
{"level":"info","message":"::1 - - [23/Jun/2026:15:30:31 +0000] \"GET /health HTTP/1.1\" 200 78 \"-\" \"-\"","service":"acquisitions-api"}
{"level":"info","message":"::1 - - [23/Jun/2026:15:31:01 +0000] \"GET /health HTTP/1.1\" 200 78 \"-\" \"-\"","service":"acquisitions-api"}
{"level":"info","message":"::1 - - [23/Jun/2026:15:31:32 +0000] \"GET /health HTTP/1.1\" 200 78 \"-\" \"-\"","service":"acquisitions-api"}
{"level":"info","message":"::1 - - [23/Jun/2026:15:32:02 +0000] \"GET /health HTTP/1.1\" 200 78 \"-\" \"-\"","service":"acquisitions-api"}
{"level":"info","message":"::1 - - [23/Jun/2026:15:32:33 +0000] \"GET /health HTTP/1.1\" 200 78 \"-\" \"-\"","service":"acquisitions-api"}
{"level":"info","message":"::1 - - [23/Jun/2026:15:33:03 +0000] \"GET /health HTTP/1.1\" 200 78 \"-\" \"-\"","service":"acquisitions-api"}
{"level":"info","message":"::1 - - [23/Jun/2026:15:33:34 +0000] \"GET /health HTTP/1.1\" 200 78 \"-\" \"-\"","service":"acquisitions-api"}
{"level":"info","message":"::1 - - [23/Jun/2026:15:34:04 +0000] \"GET /health HTTP/1.1\" 200 78 \"-\" \"-\"","service":"acquisitions-api"}
{"level":"info","message":"::1 - - [23/Jun/2026:15:34:35 +0000] \"GET /health HTTP/1.1\" 200 78 \"-\" \"-\"","service":"acquisitions-api"}
{"level":"info","message":"::1 - - [23/Jun/2026:15:35:05 +0000] \"GET /health HTTP/1.1\" 200 78 \"-\" \"-\"","service":"acquisitions-api"}
{"level":"info","message":"::1 - - [23/Jun/2026:15:35:36 +0000] \"GET /health HTTP/1.1\" 200 78 \"-\" \"-\"","service":"acquisitions-api"}
{"level":"info","message":"::1 - - [23/Jun/2026:15:36:07 +0000] \"GET /health HTTP/1.1\" 200 78 \"-\" \"-\"","service":"acquisitions-api"}
{"level":"info","message":"::1 - - [23/Jun/2026:15:36:37 +0000] \"GET /health HTTP/1.1\" 200 78 \"-\" \"-\"","service":"acquisitions-api"}
{"level":"info","message":"::1 - - [23/Jun/2026:15:39:06 +0000] \"GET /health HTTP/1.1\" 200 75 \"-\" \"-\"","service":"acquisitions-api"}
{"level":"info","message":"::1 - - [23/Jun/2026:15:39:36 +0000] \"GET /health HTTP/1.1\" 200 76 \"-\" \"-\"","service":"acquisitions-api"}
{"level":"info","message":"::ffff:192.168.65.1 - - [23/Jun/2026:15:40:00 +0000] \"GET /api/users/ HTTP/1.1\" 200 258 \"-\" \"HTTPie\"","service":"acquisitions-api"}
{"level":"info","message":"::1 - - [23/Jun/2026:15:40:07 +0000] \"GET /health HTTP/1.1\" 200 76 \"-\" \"-\"","service":"acquisitions-api"}
{"level":"info","message":"::ffff:192.168.65.1 - - [23/Jun/2026:15:40:09 +0000] \"GET /api/users/ HTTP/1.1\" 200 258 \"-\" \"HTTPie\"","service":"acquisitions-api"}
{"level":"info","message":"::1 - - [23/Jun/2026:15:40:37 +0000] \"GET /health HTTP/1.1\" 200 76 \"-\" \"-\"","service":"acquisitions-api"}
{"level":"info","message":"::1 - - [23/Jun/2026:15:41:08 +0000] \"GET /health HTTP/1.1\" 200 77 \"-\" \"-\"","service":"acquisitions-api"}
{"level":"info","message":"::1 - - [23/Jun/2026:15:41:38 +0000] \"GET /health HTTP/1.1\" 200 77 \"-\" \"-\"","service":"acquisitions-api"}
{"level":"info","message":"::1 - - [23/Jun/2026:15:42:09 +0000] \"GET /health HTTP/1.1\" 200 77 \"-\" \"-\"","service":"acquisitions-api"}
{"level":"info","message":"::1 - - [23/Jun/2026:15:42:39 +0000] \"GET /health HTTP/1.1\" 200 77 \"-\" \"-\"","service":"acquisitions-api"}
{"level":"info","message":"::1 - - [23/Jun/2026:15:43:10 +0000] \"GET /health HTTP/1.1\" 200 76 \"-\" \"-\"","service":"acquisitions-api"}
{"level":"info","message":"::1 - - [23/Jun/2026:15:43:41 +0000] \"GET /health HTTP/1.1\" 200 77 \"-\" \"-\"","service":"acquisitions-api"}
{"level":"info","message":"::1 - - [23/Jun/2026:15:53:42 +0000] \"GET /health HTTP/1.1\" 200 77 \"-\" \"-\"","service":"acquisitions-api"}
{"level":"info","message":"::1 - - [23/Jun/2026:15:54:12 +0000] \"GET /health HTTP/1.1\" 200 77 \"-\" \"-\"","service":"acquisitions-api"}
{"level":"info","message":"::1 - - [23/Jun/2026:15:54:43 +0000] \"GET /health HTTP/1.1\" 200 77 \"-\" \"-\"","service":"acquisitions-api"}
{"level":"info","message":"::1 - - [23/Jun/2026:15:55:13 +0000] \"GET /health HTTP/1.1\" 200 77 \"-\" \"-\"","service":"acquisitions-api"}
{"level":"info","message":"::1 - - [23/Jun/2026:15:55:44 +0000] \"GET /health HTTP/1.1\" 200 77 \"-\" \"-\"","service":"acquisitions-api"}
{"level":"info","message":"::1 - - [23/Jun/2026:15:56:14 +0000] \"GET /health HTTP/1.1\" 200 77 \"-\" \"-\"","service":"acquisitions-api"}
{"level":"info","message":"::1 - - [23/Jun/2026:15:56:44 +0000] \"GET /health HTTP/1.1\" 200 77 \"-\" \"-\"","service":"acquisitions-api"}
{"level":"info","message":"::1 - - [23/Jun/2026:15:57:15 +0000] \"GET /health HTTP/1.1\" 200 77 \"-\" \"-\"","service":"acquisitions-api"}
{"level":"info","message":"::1 - - [23/Jun/2026:15:57:45 +0000] \"GET /health HTTP/1.1\" 200 77 \"-\" \"-\"","service":"acquisitions-api"}
{"level":"info","message":"::1 - - [23/Jun/2026:15:58:16 +0000] \"GET /health HTTP/1.1\" 200 77 \"-\" \"-\"","service":"acquisitions-api"}
{"level":"info","message":"::1 - - [23/Jun/2026:15:58:46 +0000] \"GET /health HTTP/1.1\" 200 77 \"-\" \"-\"","service":"acquisitions-api"}
{"level":"info","message":"::1 - - [23/Jun/2026:15:59:17 +0000] \"GET /health HTTP/1.1\" 200 77 \"-\" \"-\"","service":"acquisitions-api"}
{"level":"info","message":"::1 - - [23/Jun/2026:15:59:47 +0000] \"GET /health HTTP/1.1\" 200 77 \"-\" \"-\"","service":"acquisitions-api"}
{"level":"info","message":"::1 - - [23/Jun/2026:16:00:18 +0000] \"GET /health HTTP/1.1\" 200 77 \"-\" \"-\"","service":"acquisitions-api"}
{"level":"info","message":"::1 - - [23/Jun/2026:16:00:48 +0000] \"GET /health HTTP/1.1\" 200 77 \"-\" \"-\"","service":"acquisitions-api"}
{"level":"info","message":"::1 - - [23/Jun/2026:16:01:18 +0000] \"GET /health HTTP/1.1\" 200 76 \"-\" \"-\"","service":"acquisitions-api"}
{"level":"info","message":"::1 - - [23/Jun/2026:16:01:49 +0000] \"GET /health HTTP/1.1\" 200 77 \"-\" \"-\"","service":"acquisitions-api"}
{"level":"info","message":"::1 - - [23/Jun/2026:16:02:19 +0000] \"GET /health HTTP/1.1\" 200 77 \"-\" \"-\"","service":"acquisitions-api"}
{"level":"info","message":"::1 - - [23/Jun/2026:16:02:50 +0000] \"GET /health HTTP/1.1\" 200 77 \"-\" \"-\"","service":"acquisitions-api"}
{"level":"info","message":"::1 - - [23/Jun/2026:16:03:20 +0000] \"GET /health HTTP/1.1\" 200 77 \"-\" \"-\"","service":"acquisitions-api"}
{"level":"info","message":"::1 - - [23/Jun/2026:16:03:51 +0000] \"GET /health HTTP/1.1\" 200 77 \"-\" \"-\"","service":"acquisitions-api"}
{"level":"info","message":"::1 - - [23/Jun/2026:16:04:21 +0000] \"GET /health HTTP/1.1\" 200 77 \"-\" \"-\"","service":"acquisitions-api"}
{"level":"info","message":"::1 - - [23/Jun/2026:16:04:51 +0000] \"GET /health HTTP/1.1\" 200 77 \"-\" \"-\"","service":"acquisitions-api"}
{"level":"info","message":"::1 - - [23/Jun/2026:16:05:22 +0000] \"GET /health HTTP/1.1\" 200 78 \"-\" \"-\"","service":"acquisitions-api"}
{"level":"info","message":"::1 - - [23/Jun/2026:16:05:53 +0000] \"GET /health HTTP/1.1\" 200 78 \"-\" \"-\"","service":"acquisitions-api"}
{"level":"info","message":"::1 - - [23/Jun/2026:16:06:23 +0000] \"GET /health HTTP/1.1\" 200 78 \"-\" \"-\"","service":"acquisitions-api"}
{"level":"info","message":"::1 - - [23/Jun/2026:16:06:54 +0000] \"GET /health HTTP/1.1\" 200 78 \"-\" \"-\"","service":"acquisitions-api"}
{"level":"info","message":"::1 - - [23/Jun/2026:16:07:25 +0000] \"GET /health HTTP/1.1\" 200 78 \"-\" \"-\"","service":"acquisitions-api"}
{"level":"info","message":"::1 - - [23/Jun/2026:16:07:55 +0000] \"GET /health HTTP/1.1\" 200 78 \"-\" \"-\"","service":"acquisitions-api"}
{"level":"info","message":"::1 - - [23/Jun/2026:16:08:26 +0000] \"GET /health HTTP/1.1\" 200 78 \"-\" \"-\"","service":"acquisitions-api"}
{"level":"info","message":"::1 - - [23/Jun/2026:16:08:56 +0000] \"GET /health HTTP/1.1\" 200 78 \"-\" \"-\"","service":"acquisitions-api"}
{"level":"info","message":"::1 - - [23/Jun/2026:16:09:27 +0000] \"GET /health HTTP/1.1\" 200 78 \"-\" \"-\"","service":"acquisitions-api"}
{"level":"info","message":"::1 - - [23/Jun/2026:16:09:58 +0000] \"GET /health HTTP/1.1\" 200 78 \"-\" \"-\"","service":"acquisitions-api"}
{"level":"info","message":"::1 - - [23/Jun/2026:16:10:28 +0000] \"GET /health HTTP/1.1\" 200 78 \"-\" \"-\"","service":"acquisitions-api"}
{"level":"info","message":"::ffff:192.168.65.1 - - [23/Jun/2026:16:10:49 +0000] \"GET /api/users/ HTTP/1.1\" 200 258 \"-\" \"HTTPie\"","service":"acquisitions-api"}
{"level":"info","message":"::1 - - [23/Jun/2026:16:10:59 +0000] \"GET /health HTTP/1.1\" 200 77 \"-\" \"-\"","service":"acquisitions-api"}
{"level":"info","message":"::1 - - [23/Jun/2026:16:11:29 +0000] \"GET /health HTTP/1.1\" 200 78 \"-\" \"-\"","service":"acquisitions-api"}
{"level":"info","message":"::1 - - [23/Jun/2026:16:12:00 +0000] \"GET /health HTTP/1.1\" 200 78 \"-\" \"-\"","service":"acquisitions-api"}
{"level":"info","message":"User test2@gmail.com created successfully","service":"acquisitions-api"}
{"level":"info","message":"User registered successfully: test2@gmail.com","service":"acquisitions-api"}
{"level":"info","message":"::ffff:192.168.65.1 - - [23/Jun/2026:16:12:00 +0000] \"POST /api/auth/sign-up HTTP/1.1\" 201 101 \"-\" \"HTTPie\"","service":"acquisitions-api"}
{"level":"info","message":"User test2@gmail.com authenticated successfully","service":"acquisitions-api"}
{"level":"info","message":"User signed in successfully: test2@gmail.com","service":"acquisitions-api"}
{"level":"info","message":"::ffff:192.168.65.1 - - [23/Jun/2026:16:12:14 +0000] \"POST /api/auth/sign-in HTTP/1.1\" 200 113 \"-\" \"HTTPie\"","service":"acquisitions-api"}
{"level":"info","message":"::ffff:192.168.65.1 - - [23/Jun/2026:16:12:25 +0000] \"GET /api/users HTTP/1.1\" 200 462 \"-\" \"HTTPie\"","service":"acquisitions-api"}
{"level":"info","message":"::1 - - [23/Jun/2026:16:12:30 +0000] \"GET /health HTTP/1.1\" 200 78 \"-\" \"-\"","service":"acquisitions-api"}
{"level":"info","message":"::ffff:192.168.65.1 - - [23/Jun/2026:16:12:32 +0000] \"GET /api/users/ HTTP/1.1\" 200 462 \"-\" \"HTTPie\"","service":"acquisitions-api"}
{"level":"info","message":"::ffff:192.168.65.1 - - [23/Jun/2026:16:12:44 +0000] \"GET /api/users/2 HTTP/1.1\" 404 150 \"-\" \"HTTPie\"","service":"acquisitions-api"}
{"level":"info","message":"::ffff:192.168.65.1 - - [23/Jun/2026:16:12:49 +0000] \"GET /api/users/ HTTP/1.1\" 200 462 \"-\" \"HTTPie\"","service":"acquisitions-api"}
{"level":"info","message":"::1 - - [23/Jun/2026:16:13:01 +0000] \"GET /health HTTP/1.1\" 200 78 \"-\" \"-\"","service":"acquisitions-api"}
{"level":"info","message":"User test2@gmail.com authenticated successfully","service":"acquisitions-api"}
{"level":"info","message":"User signed in successfully: test2@gmail.com","service":"acquisitions-api"}
{"level":"info","message":"::ffff:192.168.65.1 - - [23/Jun/2026:16:13:24 +0000] \"POST /api/auth/sign-in HTTP/1.1\" 200 113 \"-\" \"HTTPie\"","service":"acquisitions-api"}
{"level":"info","message":"::1 - - [23/Jun/2026:16:13:31 +0000] \"GET /health HTTP/1.1\" 200 78 \"-\" \"-\"","service":"acquisitions-api"}
{"level":"info","message":"::ffff:192.168.65.1 - - [23/Jun/2026:16:13:54 +0000] \"GET /api/users/ HTTP/1.1\" 200 462 \"-\" \"HTTPie\"","service":"acquisitions-api"}
{"level":"info","message":"::1 - - [23/Jun/2026:16:14:02 +0000] \"GET /health HTTP/1.1\" 200 77 \"-\" \"-\"","service":"acquisitions-api"}
{"level":"info","message":"::1 - - [23/Jun/2026:16:14:33 +0000] \"GET /health HTTP/1.1\" 200 78 \"-\" \"-\"","service":"acquisitions-api"}
{"level":"info","message":"::ffff:192.168.65.1 - - [23/Jun/2026:16:14:44 +0000] \"GET /api/users/ HTTP/1.1\" 200 462 \"-\" \"HTTPie\"","service":"acquisitions-api"}
{"level":"info","message":"::1 - - [23/Jun/2026:16:15:03 +0000] \"GET /health HTTP/1.1\" 200 78 \"-\" \"-\"","service":"acquisitions-api"}
{"level":"info","message":"::1 - - [23/Jun/2026:16:15:34 +0000] \"GET /health HTTP/1.1\" 200 78 \"-\" \"-\"","service":"acquisitions-api"}
{"level":"info","message":"::1 - - [23/Jun/2026:16:16:04 +0000] \"GET /health HTTP/1.1\" 200 78 \"-\" \"-\"","service":"acquisitions-api"}
{"level":"info","message":"::1 - - [23/Jun/2026:16:16:35 +0000] \"GET /health HTTP/1.1\" 200 78 \"-\" \"-\"","service":"acquisitions-api"}
{"level":"info","message":"::1 - - [23/Jun/2026:16:17:06 +0000] \"GET /health HTTP/1.1\" 200 77 \"-\" \"-\"","service":"acquisitions-api"}
{"level":"info","message":"::1 - - [23/Jun/2026:16:17:36 +0000] \"GET /health HTTP/1.1\" 200 78 \"-\" \"-\"","service":"acquisitions-api"}
{"level":"info","message":"::1 - - [23/Jun/2026:16:18:07 +0000] \"GET /health HTTP/1.1\" 200 78 \"-\" \"-\"","service":"acquisitions-api"}
{"level":"info","message":"::1 - - [23/Jun/2026:16:18:37 +0000] \"GET /health HTTP/1.1\" 200 78 \"-\" \"-\"","service":"acquisitions-api"}
{"level":"info","message":"::ffff:192.168.65.1 - - [23/Jun/2026:16:18:45 +0000] \"GET /api/users/ HTTP/1.1\" 200 462 \"-\" \"HTTPie\"","service":"acquisitions-api"}
{"level":"info","message":"::ffff:192.168.65.1 - - [23/Jun/2026:16:19:00 +0000] \"PUT /api/users/ HTTP/1.1\" 404 149 \"-\" \"HTTPie\"","service":"acquisitions-api"}
{"level":"info","message":"::1 - - [23/Jun/2026:16:19:08 +0000] \"GET /health HTTP/1.1\" 200 78 \"-\" \"-\"","service":"acquisitions-api"}
{"level":"info","message":"::ffff:192.168.65.1 - - [23/Jun/2026:16:19:14 +0000] \"DELETE /api/users/ HTTP/1.1\" 404 152 \"-\" \"HTTPie\"","service":"acquisitions-api"}
{"level":"info","message":"::1 - - [23/Jun/2026:16:19:38 +0000] \"GET /health HTTP/1.1\" 200 78 \"-\" \"-\"","service":"acquisitions-api"}
{"level":"info","message":"::1 - - [23/Jun/2026:16:20:09 +0000] \"GET /health HTTP/1.1\" 200 78 \"-\" \"-\"","service":"acquisitions-api"}
{"level":"info","message":"::1 - - [23/Jun/2026:16:25:05 +0000] \"GET /health HTTP/1.1\" 200 75 \"-\" \"-\"","service":"acquisitions-api"}
{"level":"info","message":"::ffff:192.168.65.1 - - [23/Jun/2026:16:25:12 +0000] \"DELETE /api/users/ HTTP/1.1\" 404 152 \"-\" \"HTTPie\"","service":"acquisitions-api"}
{"level":"info","message":"User authenticated: test2@gmail.com (admin)","service":"acquisitions-api"}
{"level":"info","message":"::ffff:192.168.65.1 - - [23/Jun/2026:16:25:20 +0000] \"GET /api/users/ HTTP/1.1\" 200 462 \"-\" \"HTTPie\"","service":"acquisitions-api"}
{"level":"info","message":"User authenticated: test2@gmail.com (admin)","service":"acquisitions-api"}
{"level":"info","message":"::ffff:192.168.65.1 - - [23/Jun/2026:16:25:27 +0000] \"GET /api/users/ HTTP/1.1\" 200 462 \"-\" \"HTTPie\"","service":"acquisitions-api"}
{"level":"info","message":"::ffff:192.168.65.1 - - [23/Jun/2026:16:25:35 +0000] \"PUT /api/users/ HTTP/1.1\" 404 149 \"-\" \"HTTPie\"","service":"acquisitions-api"}
{"level":"info","message":"::1 - - [23/Jun/2026:16:25:36 +0000] \"GET /health HTTP/1.1\" 200 74 \"-\" \"-\"","service":"acquisitions-api"}
{"level":"info","message":"::ffff:192.168.65.1 - - [23/Jun/2026:16:25:54 +0000] \"DELETE /api/users/ HTTP/1.1\" 404 152 \"-\" \"HTTPie\"","service":"acquisitions-api"}
{"level":"info","message":"::1 - - [23/Jun/2026:16:26:06 +0000] \"GET /health HTTP/1.1\" 200 76 \"-\" \"-\"","service":"acquisitions-api"}
{"level":"info","message":"::1 - - [23/Jun/2026:16:26:37 +0000] \"GET /health HTTP/1.1\" 200 76 \"-\" \"-\"","service":"acquisitions-api"}
{"level":"info","message":"::1 - - [23/Jun/2026:16:27:08 +0000] \"GET /health HTTP/1.1\" 200 77 \"-\" \"-\"","service":"acquisitions-api"}
{"level":"info","message":"::1 - - [23/Jun/2026:16:27:39 +0000] \"GET /health HTTP/1.1\" 200 77 \"-\" \"-\"","service":"acquisitions-api"}
{"level":"info","message":"::1 - - [23/Jun/2026:16:28:09 +0000] \"GET /health HTTP/1.1\" 200 77 \"-\" \"-\"","service":"acquisitions-api"}
{"level":"info","message":"::1 - - [23/Jun/2026:16:28:40 +0000] \"GET /health HTTP/1.1\" 200 75 \"-\" \"-\"","service":"acquisitions-api"}
{"level":"info","message":"::1 - - [23/Jun/2026:16:29:11 +0000] \"GET /health HTTP/1.1\" 200 77 \"-\" \"-\"","service":"acquisitions-api"}
{"level":"info","message":"::1 - - [23/Jun/2026:16:29:43 +0000] \"GET /health HTTP/1.1\" 200 77 \"-\" \"-\"","service":"acquisitions-api"}
{"level":"info","message":"::1 - - [23/Jun/2026:16:30:13 +0000] \"GET /health HTTP/1.1\" 200 77 \"-\" \"-\"","service":"acquisitions-api"}
{"level":"info","message":"::1 - - [23/Jun/2026:16:30:43 +0000] \"GET /health HTTP/1.1\" 200 77 \"-\" \"-\"","service":"acquisitions-api"}
{"level":"info","message":"::1 - - [23/Jun/2026:16:31:14 +0000] \"GET /health HTTP/1.1\" 200 77 \"-\" \"-\"","service":"acquisitions-api"}
{"level":"info","message":"::1 - - [23/Jun/2026:16:31:44 +0000] \"GET /health HTTP/1.1\" 200 77 \"-\" \"-\"","service":"acquisitions-api"}
{"level":"info","message":"::1 - - [23/Jun/2026:16:32:15 +0000] \"GET /health HTTP/1.1\" 200 77 \"-\" \"-\"","service":"acquisitions-api"}
{"level":"info","message":"::1 - - [23/Jun/2026:16:32:45 +0000] \"GET /health HTTP/1.1\" 200 77 \"-\" \"-\"","service":"acquisitions-api"}
{"level":"info","message":"::1 - - [23/Jun/2026:16:33:16 +0000] \"GET /health HTTP/1.1\" 200 77 \"-\" \"-\"","service":"acquisitions-api"}
{"level":"info","message":"::1 - - [23/Jun/2026:16:33:46 +0000] \"GET /health HTTP/1.1\" 200 77 \"-\" \"-\"","service":"acquisitions-api"}
{"level":"info","message":"::1 - - [23/Jun/2026:17:44:56 +0000] \"GET /health HTTP/1.1\" 200 77 \"-\" \"-\"","service":"acquisitions-api"}
{"level":"info","message":"::1 - - [23/Jun/2026:17:45:27 +0000] \"GET /health HTTP/1.1\" 200 77 \"-\" \"-\"","service":"acquisitions-api"}
{"level":"info","message":"::1 - - [23/Jun/2026:17:45:58 +0000] \"GET /health HTTP/1.1\" 200 77 \"-\" \"-\"","service":"acquisitions-api"}
{"level":"info","message":"::1 - - [23/Jun/2026:17:46:28 +0000] \"GET /health HTTP/1.1\" 200 77 \"-\" \"-\"","service":"acquisitions-api"}
{"level":"info","message":"::1 - - [23/Jun/2026:17:46:59 +0000] \"GET /health HTTP/1.1\" 200 77 \"-\" \"-\"","service":"acquisitions-api"}
{"level":"info","message":"::1 - - [23/Jun/2026:17:47:29 +0000] \"GET /health HTTP/1.1\" 200 77 \"-\" \"-\"","service":"acquisitions-api"}
{"level":"info","message":"::1 - - [23/Jun/2026:17:47:59 +0000] \"GET /health HTTP/1.1\" 200 77 \"-\" \"-\"","service":"acquisitions-api"}
{"level":"info","message":"::1 - - [23/Jun/2026:17:48:30 +0000] \"GET /health HTTP/1.1\" 200 77 \"-\" \"-\"","service":"acquisitions-api"}
{"level":"info","message":"::1 - - [23/Jun/2026:17:49:17 +0000] \"GET /health HTTP/1.1\" 200 77 \"-\" \"-\"","service":"acquisitions-api"}
{"level":"info","message":"::1 - - [23/Jun/2026:17:49:47 +0000] \"GET /health HTTP/1.1\" 200 77 \"-\" \"-\"","service":"acquisitions-api"}
{"level":"info","message":"::1 - - [23/Jun/2026:17:50:18 +0000] \"GET /health HTTP/1.1\" 200 77 \"-\" \"-\"","service":"acquisitions-api"}
{"level":"info","message":"::1 - - [23/Jun/2026:17:50:49 +0000] \"GET /health HTTP/1.1\" 200 77 \"-\" \"-\"","service":"acquisitions-api"}
{"level":"info","message":"::1 - - [23/Jun/2026:17:51:19 +0000] \"GET /health HTTP/1.1\" 200 77 \"-\" \"-\"","service":"acquisitions-api"}
{"level":"info","message":"::1 - - [23/Jun/2026:17:51:50 +0000] \"GET /health HTTP/1.1\" 200 77 \"-\" \"-\"","service":"acquisitions-api"}
{"level":"info","message":"::1 - - [23/Jun/2026:17:52:20 +0000] \"GET /health HTTP/1.1\" 200 77 \"-\" \"-\"","service":"acquisitions-api"}
{"level":"info","message":"::1 - - [23/Jun/2026:17:52:50 +0000] \"GET /health HTTP/1.1\" 200 78 \"-\" \"-\"","service":"acquisitions-api"}
{"level":"info","message":"::1 - - [23/Jun/2026:17:57:01 +0000] \"GET /health HTTP/1.1\" 200 77 \"-\" \"-\"","service":"acquisitions-api"}
{"level":"info","message":"::1 - - [23/Jun/2026:17:57:35 +0000] \"GET /health HTTP/1.1\" 200 78 \"-\" \"-\"","service":"acquisitions-api"}
{"level":"info","message":"::1 - - [23/Jun/2026:17:58:06 +0000] \"GET /health HTTP/1.1\" 200 77 \"-\" \"-\"","service":"acquisitions-api"}
{"level":"info","message":"::1 - - [23/Jun/2026:17:58:36 +0000] \"GET /health HTTP/1.1\" 200 78 \"-\" \"-\"","service":"acquisitions-api"}
{"level":"info","message":"::1 - - [23/Jun/2026:17:59:07 +0000] \"GET /health HTTP/1.1\" 200 78 \"-\" \"-\"","service":"acquisitions-api"}
{"level":"info","message":"::1 - - [23/Jun/2026:17:59:38 +0000] \"GET /health HTTP/1.1\" 200 78 \"-\" \"-\"","service":"acquisitions-api"}
{"level":"info","message":"::1 - - [23/Jun/2026:18:00:08 +0000] \"GET /health HTTP/1.1\" 200 78 \"-\" \"-\"","service":"acquisitions-api"}
{"level":"info","message":"::1 - - [23/Jun/2026:18:00:39 +0000] \"GET /health HTTP/1.1\" 200 78 \"-\" \"-\"","service":"acquisitions-api"}
{"level":"info","message":"::1 - - [23/Jun/2026:18:01:10 +0000] \"GET /health HTTP/1.1\" 200 78 \"-\" \"-\"","service":"acquisitions-api"}
{"level":"info","message":"::1 - - [23/Jun/2026:18:01:41 +0000] \"GET /health HTTP/1.1\" 200 77 \"-\" \"-\"","service":"acquisitions-api"}
{"level":"info","message":"::1 - - [23/Jun/2026:18:02:12 +0000] \"GET /health HTTP/1.1\" 200 78 \"-\" \"-\"","service":"acquisitions-api"}
{"level":"info","message":"::1 - - [23/Jun/2026:18:02:43 +0000] \"GET /health HTTP/1.1\" 200 78 \"-\" \"-\"","service":"acquisitions-api"}
{"level":"info","message":"::1 - - [23/Jun/2026:18:03:13 +0000] \"GET /health HTTP/1.1\" 200 78 \"-\" \"-\"","service":"acquisitions-api"}
{"level":"info","message":"::1 - - [23/Jun/2026:18:03:44 +0000] \"GET /health HTTP/1.1\" 200 78 \"-\" \"-\"","service":"acquisitions-api"}
{"level":"info","message":"::1 - - [23/Jun/2026:18:04:15 +0000] \"GET /health HTTP/1.1\" 200 77 \"-\" \"-\"","service":"acquisitions-api"}
{"level":"info","message":"::1 - - [23/Jun/2026:18:04:45 +0000] \"GET /health HTTP/1.1\" 200 78 \"-\" \"-\"","service":"acquisitions-api"}
{"level":"info","message":"::1 - - [23/Jun/2026:18:05:16 +0000] \"GET /health HTTP/1.1\" 200 78 \"-\" \"-\"","service":"acquisitions-api"}
{"level":"info","message":"::1 - - [23/Jun/2026:18:05:47 +0000] \"GET /health HTTP/1.1\" 200 78 \"-\" \"-\"","service":"acquisitions-api"}
{"level":"info","message":"::1 - - [23/Jun/2026:18:06:17 +0000] \"GET /health HTTP/1.1\" 200 77 \"-\" \"-\"","service":"acquisitions-api"}
{"level":"info","message":"::1 - - [23/Jun/2026:18:06:48 +0000] \"GET /health HTTP/1.1\" 200 77 \"-\" \"-\"","service":"acquisitions-api"}
{"level":"info","message":"::1 - - [23/Jun/2026:18:07:18 +0000] \"GET /health HTTP/1.1\" 200 78 \"-\" \"-\"","service":"acquisitions-api"}
{"level":"info","message":"::1 - - [23/Jun/2026:18:07:49 +0000] \"GET /health HTTP/1.1\" 200 78 \"-\" \"-\"","service":"acquisitions-api"}
{"level":"info","message":"::1 - - [23/Jun/2026:18:08:20 +0000] \"GET /health HTTP/1.1\" 200 78 \"-\" \"-\"","service":"acquisitions-api"}
{"level":"info","message":"::1 - - [23/Jun/2026:18:08:51 +0000] \"GET /health HTTP/1.1\" 200 78 \"-\" \"-\"","service":"acquisitions-api"}
{"level":"info","message":"::1 - - [23/Jun/2026:18:09:21 +0000] \"GET /health HTTP/1.1\" 200 78 \"-\" \"-\"","service":"acquisitions-api"}
{"level":"info","message":"::1 - - [23/Jun/2026:18:09:52 +0000] \"GET /health HTTP/1.1\" 200 78 \"-\" \"-\"","service":"acquisitions-api"}
{"level":"info","message":"::1 - - [23/Jun/2026:18:10:23 +0000] \"GET /health HTTP/1.1\" 200 78 \"-\" \"-\"","service":"acquisitions-api"}
{"level":"info","message":"::1 - - [23/Jun/2026:18:10:53 +0000] \"GET /health HTTP/1.1\" 200 78 \"-\" \"-\"","service":"acquisitions-api"}
{"level":"info","message":"::1 - - [23/Jun/2026:18:11:24 +0000] \"GET /health HTTP/1.1\" 200 78 \"-\" \"-\"","service":"acquisitions-api"}
{"level":"info","message":"::1 - - [23/Jun/2026:18:11:55 +0000] \"GET /health HTTP/1.1\" 200 77 \"-\" \"-\"","service":"acquisitions-api"}
{"level":"info","message":"::1 - - [23/Jun/2026:18:12:25 +0000] \"GET /health HTTP/1.1\" 200 78 \"-\" \"-\"","service":"acquisitions-api"}
{"level":"info","message":"::1 - - [23/Jun/2026:18:12:56 +0000] \"GET /health HTTP/1.1\" 200 78 \"-\" \"-\"","service":"acquisitions-api"}
{"level":"info","message":"::1 - - [23/Jun/2026:18:13:27 +0000] \"GET /health HTTP/1.1\" 200 78 \"-\" \"-\"","service":"acquisitions-api"}
{"level":"info","message":"::1 - - [23/Jun/2026:18:13:57 +0000] \"GET /health HTTP/1.1\" 200 77 \"-\" \"-\"","service":"acquisitions-api"}
{"level":"info","message":"::1 - - [23/Jun/2026:18:14:28 +0000] \"GET /health HTTP/1.1\" 200 78 \"-\" \"-\"","service":"acquisitions-api"}
{"level":"info","message":"::1 - - [23/Jun/2026:18:14:58 +0000] \"GET /health HTTP/1.1\" 200 78 \"-\" \"-\"","service":"acquisitions-api"}
{"level":"info","message":"::1 - - [23/Jun/2026:18:15:29 +0000] \"GET /health HTTP/1.1\" 200 78 \"-\" \"-\"","service":"acquisitions-api"}
{"level":"info","message":"::1 - - [23/Jun/2026:18:15:59 +0000] \"GET /health HTTP/1.1\" 200 78 \"-\" \"-\"","service":"acquisitions-api"}
{"level":"info","message":"::1 - - [23/Jun/2026:18:16:30 +0000] \"GET /health HTTP/1.1\" 200 78 \"-\" \"-\"","service":"acquisitions-api"}
{"level":"info","message":"::1 - - [23/Jun/2026:18:17:00 +0000] \"GET /health HTTP/1.1\" 200 78 \"-\" \"-\"","service":"acquisitions-api"}
{"level":"info","message":"::1 - - [23/Jun/2026:18:17:31 +0000] \"GET /health HTTP/1.1\" 200 78 \"-\" \"-\"","service":"acquisitions-api"}
{"level":"info","message":"::1 - - [23/Jun/2026:18:18:01 +0000] \"GET /health HTTP/1.1\" 200 78 \"-\" \"-\"","service":"acquisitions-api"}
{"level":"info","message":"::1 - - [23/Jun/2026:18:18:32 +0000] \"GET /health HTTP/1.1\" 200 78 \"-\" \"-\"","service":"acquisitions-api"}
{"level":"info","message":"::1 - - [23/Jun/2026:18:19:02 +0000] \"GET /health HTTP/1.1\" 200 78 \"-\" \"-\"","service":"acquisitions-api"}
{"level":"info","message":"::1 - - [23/Jun/2026:18:19:33 +0000] \"GET /health HTTP/1.1\" 200 78 \"-\" \"-\"","service":"acquisitions-api"}
{"level":"info","message":"::1 - - [23/Jun/2026:18:20:03 +0000] \"GET /health HTTP/1.1\" 200 78 \"-\" \"-\"","service":"acquisitions-api"}
{"level":"info","message":"::1 - - [23/Jun/2026:18:20:34 +0000] \"GET /health HTTP/1.1\" 200 77 \"-\" \"-\"","service":"acquisitions-api"}
{"level":"info","message":"::1 - - [23/Jun/2026:18:21:04 +0000] \"GET /health HTTP/1.1\" 200 78 \"-\" \"-\"","service":"acquisitions-api"}
{"level":"info","message":"::1 - - [23/Jun/2026:18:21:35 +0000] \"GET /health HTTP/1.1\" 200 78 \"-\" \"-\"","service":"acquisitions-api"}
{"level":"info","message":"::1 - - [23/Jun/2026:18:22:05 +0000] \"GET /health HTTP/1.1\" 200 78 \"-\" \"-\"","service":"acquisitions-api"}
{"level":"info","message":"::1 - - [23/Jun/2026:18:22:36 +0000] \"GET /health HTTP/1.1\" 200 78 \"-\" \"-\"","service":"acquisitions-api"}
{"level":"info","message":"::1 - - [23/Jun/2026:18:23:06 +0000] \"GET /health HTTP/1.1\" 200 78 \"-\" \"-\"","service":"acquisitions-api"}
{"level":"info","message":"::1 - - [23/Jun/2026:18:25:25 +0000] \"GET /health HTTP/1.1\" 200 78 \"-\" \"-\"","service":"acquisitions-api"}
{"level":"info","message":"::1 - - [23/Jun/2026:18:25:56 +0000] \"GET /health HTTP/1.1\" 200 76 \"-\" \"-\"","service":"acquisitions-api"}
{"level":"info","message":"::1 - - [23/Jun/2026:18:26:27 +0000] \"GET /health HTTP/1.1\" 200 77 \"-\" \"-\"","service":"acquisitions-api"}
{"level":"info","message":"::1 - - [23/Jun/2026:18:26:57 +0000] \"GET /health HTTP/1.1\" 200 78 \"-\" \"-\"","service":"acquisitions-api"}
{"level":"info","message":"::1 - - [23/Jun/2026:18:27:28 +0000] \"GET /health HTTP/1.1\" 200 78 \"-\" \"-\"","service":"acquisitions-api"}
{"level":"info","message":"::1 - - [23/Jun/2026:18:27:59 +0000] \"GET /health HTTP/1.1\" 200 78 \"-\" \"-\"","service":"acquisitions-api"}
{"level":"info","message":"::1 - - [23/Jun/2026:18:28:29 +0000] \"GET /health HTTP/1.1\" 200 78 \"-\" \"-\"","service":"acquisitions-api"}
{"level":"info","message":"::1 - - [23/Jun/2026:18:29:00 +0000] \"GET /health HTTP/1.1\" 200 78 \"-\" \"-\"","service":"acquisitions-api"}
{"level":"info","message":"::1 - - [23/Jun/2026:18:29:32 +0000] \"GET /health HTTP/1.1\" 200 78 \"-\" \"-\"","service":"acquisitions-api"}
{"level":"info","message":"::1 - - [23/Jun/2026:18:30:03 +0000] \"GET /health HTTP/1.1\" 200 78 \"-\" \"-\"","service":"acquisitions-api"}
{"level":"info","message":"::1 - - [23/Jun/2026:18:30:35 +0000] \"GET /health HTTP/1.1\" 200 78 \"-\" \"-\"","service":"acquisitions-api"}
{"level":"info","message":"::1 - - [23/Jun/2026:18:31:07 +0000] \"GET /health HTTP/1.1\" 200 78 \"-\" \"-\"","service":"acquisitions-api"}
{"level":"info","message":"::1 - - [23/Jun/2026:18:31:38 +0000] \"GET /health HTTP/1.1\" 200 77 \"-\" \"-\"","service":"acquisitions-api"}
{"level":"info","message":"::1 - - [23/Jun/2026:18:32:09 +0000] \"GET /health HTTP/1.1\" 200 78 \"-\" \"-\"","service":"acquisitions-api"}
{"level":"info","message":"::1 - - [23/Jun/2026:18:32:41 +0000] \"GET /health HTTP/1.1\" 200 78 \"-\" \"-\"","service":"acquisitions-api"}
{"level":"info","message":"::1 - - [23/Jun/2026:18:33:12 +0000] \"GET /health HTTP/1.1\" 200 78 \"-\" \"-\"","service":"acquisitions-api"}
{"level":"info","message":"::1 - - [23/Jun/2026:18:33:43 +0000] \"GET /health HTTP/1.1\" 200 78 \"-\" \"-\"","service":"acquisitions-api"}
{"level":"info","message":"::1 - - [23/Jun/2026:18:34:15 +0000] \"GET /health HTTP/1.1\" 200 78 \"-\" \"-\"","service":"acquisitions-api"}
